INFO:root:Setup YAML - 
base:
  api_url: https://api-dev.medvantxos.com/api/v1.0
  iapi_url: https://api-dev.medvantxos.com/iapi/v1.0
credentials:
  patient:
    password: Test@123!
    username: marklous643@gmail.com
  superuser:
    password: devAdminEw11o##@
    username: default-superuser@medvantx.com
  tenant_admin:
    password: Test@123!
    username: tenant_admin@pfizer.com
drug:
  ndc_rxrequest: '00002050101'
  ndc_rxtransfer: '00002064002'
json_path: /Users/amit/PycharmProjects/Medic/test_data/
md_name: MARK GROSSMAN
site: nebcin
tenant: medvantx

INFO:root:Setup YAML - 
base:
  api_url: https://api-dev.medvantxos.com/
credentials:
  patient:
    password: Test@123!
    username: marklous643@gmail.com
  superuser:
    password: devAdminEw11o##@
    username: default-superuser@medvantx.com
  tenant_admin:
    password: Test@123!
    username: tenant_admin@pfizer.com
drug:
  ndc_rxrequest: '00002050101'
  ndc_rxtransfer: '00002064002'
json_path: /Users/amit/PycharmProjects/Medic/test_data/
md_name: MARK GROSSMAN
site: nebcin
tenant: medvantx

INFO:root:Setup YAML - 
base:
  api_url: https://api-dev.medvantxos.com
credentials:
  patient:
    password: Test@123!
    username: marklous643@gmail.com
  superuser:
    password: devAdminEw11o##@
    username: default-superuser@medvantx.com
  tenant_admin:
    password: Test@1234!
    username: tenant_admin@pfizer.com
drug:
  ndc: '00023361606'
  ndc_rxrequest: '00002050101'
  ndc_rxtransfer: '00002064002'
json_path: /Users/amit/PycharmProjects/Medic/test_data/
md_name: MARK GROSSMAN
site: nebcin
tenant: medvantx

INFO:root:RestApi Create https://api-dev.medvantxos.com/api/v1.0/signin
INFO:root:post requests url: https://api-dev.medvantxos.com/api/v1.0/signin
INFO:root:post requests headers: {'Accept': 'application/json', 'Content-type': 'application/json'}
INFO:root:post requests data: {"username": "tenant_admin@pfizer.com", "password": "Test@1234!"}
INFO:root:post requests cookie: {}
DEBUG:urllib3.connectionpool:Starting new HTTPS connection (1): api-dev.medvantxos.com:443
DEBUG:urllib3.connectionpool:https://api-dev.medvantxos.com:443 "POST /api/v1.0/signin HTTP/1.1" 200 2091
INFO:root:post response status_code: 200
INFO:root:post response url:         https://api-dev.medvantxos.com/api/v1.0/signin
INFO:root:post response headers: {'Server': 'nginx', 'Date': 'Tue, 20 Oct 2020 19:03:20 GMT', 'Content-Type': 'application/json', 'Content-Length': '2091', 'Connection': 'keep-alive', 'Access-Control-Allow-Credentials': 'true', 'Access-Control-Allow-Methods': 'POST, GET, OPTIONS, PUT, PATCH, DELETE', 'Access-Control-Max-Age': '3600', 'Access-Control-Allow-Headers': 'Content-Type, Accept, Authorization, X-Requested-With, remember-me', 'Vary': 'Origin, Access-Control-Request-Method, Access-Control-Request-Headers, Origin, Access-Control-Request-Method, Access-Control-Request-Headers', 'Set-Cookie': 'JSESSIONID=09352ECD0A44D6A27F0EEF1CBE903405; Path=/; HttpOnly', 'X-Content-Type-Options': 'nosniff', 'X-XSS-Protection': '1; mode=block', 'Cache-Control': 'no-cache, no-store, max-age=0, must-revalidate', 'Pragma': 'no-cache', 'Expires': '0', 'X-Frame-Options': 'DENY, SAMEORIGIN'}
INFO:root:post response details: {'refresh_token': 'eyJhbGciOiJIUzI1NiIsInR5cCIgOiAiSldUIiwia2lkIiA6ICI3N2Q1YjBhYy0wMDAzLTRjZTYtYjY0My01ZTAxZGU2MWEzZmYifQ.eyJleHAiOjE2MDMyMjI0MDAsImlhdCI6MTYwMzIyMDYwMCwianRpIjoiZjNlMDcxNTctN2Q3Ni00NWUwLTkxNDYtODg4NDEyMzUwMWVjIiwiaXNzIjoiaHR0cDovL2tleWNsb2FrLXN2Yy9hdXRoL3JlYWxtcy9tZWR2YW50eCIsImF1ZCI6Imh0dHA6Ly9rZXljbG9hay1zdmMvYXV0aC9yZWFsbXMvbWVkdmFudHgiLCJzdWIiOiJiMDk4OTRkNS0wYTg2LTQ1OTItOGU0NC1jODQ2NGU4NzQwYWUiLCJ0eXAiOiJSZWZyZXNoIiwiYXpwIjoiYWRtaW4tY2xpIiwic2Vzc2lvbl9zdGF0ZSI6ImQ4M2QxMjM0LTQ2ZjgtNDI1MS05NzkwLTg1NjczZDBiOGE5MSIsInNjb3BlIjoicHJvZmlsZSBlbWFpbCJ9.zCzk-iGFs6jt4Rnxx6X_XBRPSwkOjCGAZi8MB6OUwi0', 'access_token': 'eyJhbGciOiJSUzI1NiIsInR5cCIgOiAiSldUIiwia2lkIiA6ICJQcU83QXJPVXBDeHB4WjVEcl9palFFX2pMZk55Q1ZYeHlXbVlTWnptcHQ4In0.eyJleHAiOjE2MDMyMjQyMDAsImlhdCI6MTYwMzIyMDYwMCwianRpIjoiMDdkYWJiOTctODEyMi00ZTIzLTllMjMtMjFjYWUxNTM0ZmQ1IiwiaXNzIjoiaHR0cDovL2tleWNsb2FrLXN2Yy9hdXRoL3JlYWxtcy9tZWR2YW50eCIsImF1ZCI6ImFjY291bnQiLCJzdWIiOiJiMDk4OTRkNS0wYTg2LTQ1OTItOGU0NC1jODQ2NGU4NzQwYWUiLCJ0eXAiOiJCZWFyZXIiLCJhenAiOiJhZG1pbi1jbGkiLCJzZXNzaW9uX3N0YXRlIjoiZDgzZDEyMzQtNDZmOC00MjUxLTk3OTAtODU2NzNkMGI4YTkxIiwiYWNyIjoiMSIsInJlYWxtX2FjY2VzcyI6eyJyb2xlcyI6WyJvZmZsaW5lX2FjY2VzcyIsInVtYV9hdXRob3JpemF0aW9uIl19LCJyZXNvdXJjZV9hY2Nlc3MiOnsiYWNjb3VudCI6eyJyb2xlcyI6WyJtYW5hZ2UtYWNjb3VudCIsIm1hbmFnZS1hY2NvdW50LWxpbmtzIiwidmlldy1wcm9maWxlIl19fSwic2NvcGUiOiJwcm9maWxlIGVtYWlsIiwiZW1haWxfdmVyaWZpZWQiOmZhbHNlLCJuYW1lIjoiSmltIEJlYW0iLCJwcmVmZXJyZWRfdXNlcm5hbWUiOiJ0ZW5hbnRfYWRtaW5AcGZpemVyLmNvbSIsImdpdmVuX25hbWUiOiJKaW0iLCJmYW1pbHlfbmFtZSI6IkJlYW0iLCJlbWFpbCI6InRlbmFudF9hZG1pbkBwZml6ZXIuY29tIn0.iqFjAUCVjc_jC9L6aKZtvfeNmFaPtM3XRyShKFBJA2qsyf8wetqFzWp4Md_1oj3JUGyHFzjUBEtOzxFIV3JjyQDz5fihDjJ8i3ELXEXwZ_C3c-Dd97kaD9OCwl9XrpOQyU_EHfhkU_0HzuLSfjqtqxJcYUI73_s6b1dlb9v8imy_ZPRlJehjKD6orSDXzaeQKXr5kQA8Rf1g-kDhslFFqw9v1V0DYsJTq8JDLRrpNR1c0VGF0zOc6jTzGY6UlkmTOuNeX5xMpDaGtgRJ2lJ2eJ2SYVCv4cFwNZ2cxGKe514FqU0PDdl5xmtt9uCuA76hj1xCFzkS1mzdHQerakZdqw', 'session_state': 'd83d1234-46f8-4251-9790-85673d0b8a91', 'expires_in': '3600', 'refresh_expires_in': '1800', 'token_type': 'bearer', 'id': 'tenant_admin@pfizer.com'}
INFO:root:RestApi Get https://api-dev.medvantxos.com/api/v1.0/profile
DEBUG:root:get requests url: https://api-dev.medvantxos.com/api/v1.0/profile
DEBUG:root:get requests headers: {'Accept': 'application/json', 'Authorization': 'Bearer eyJhbGciOiJSUzI1NiIsInR5cCIgOiAiSldUIiwia2lkIiA6ICJQcU83QXJPVXBDeHB4WjVEcl9palFFX2pMZk55Q1ZYeHlXbVlTWnptcHQ4In0.eyJleHAiOjE2MDMyMjQyMDAsImlhdCI6MTYwMzIyMDYwMCwianRpIjoiMDdkYWJiOTctODEyMi00ZTIzLTllMjMtMjFjYWUxNTM0ZmQ1IiwiaXNzIjoiaHR0cDovL2tleWNsb2FrLXN2Yy9hdXRoL3JlYWxtcy9tZWR2YW50eCIsImF1ZCI6ImFjY291bnQiLCJzdWIiOiJiMDk4OTRkNS0wYTg2LTQ1OTItOGU0NC1jODQ2NGU4NzQwYWUiLCJ0eXAiOiJCZWFyZXIiLCJhenAiOiJhZG1pbi1jbGkiLCJzZXNzaW9uX3N0YXRlIjoiZDgzZDEyMzQtNDZmOC00MjUxLTk3OTAtODU2NzNkMGI4YTkxIiwiYWNyIjoiMSIsInJlYWxtX2FjY2VzcyI6eyJyb2xlcyI6WyJvZmZsaW5lX2FjY2VzcyIsInVtYV9hdXRob3JpemF0aW9uIl19LCJyZXNvdXJjZV9hY2Nlc3MiOnsiYWNjb3VudCI6eyJyb2xlcyI6WyJtYW5hZ2UtYWNjb3VudCIsIm1hbmFnZS1hY2NvdW50LWxpbmtzIiwidmlldy1wcm9maWxlIl19fSwic2NvcGUiOiJwcm9maWxlIGVtYWlsIiwiZW1haWxfdmVyaWZpZWQiOmZhbHNlLCJuYW1lIjoiSmltIEJlYW0iLCJwcmVmZXJyZWRfdXNlcm5hbWUiOiJ0ZW5hbnRfYWRtaW5AcGZpemVyLmNvbSIsImdpdmVuX25hbWUiOiJKaW0iLCJmYW1pbHlfbmFtZSI6IkJlYW0iLCJlbWFpbCI6InRlbmFudF9hZG1pbkBwZml6ZXIuY29tIn0.iqFjAUCVjc_jC9L6aKZtvfeNmFaPtM3XRyShKFBJA2qsyf8wetqFzWp4Md_1oj3JUGyHFzjUBEtOzxFIV3JjyQDz5fihDjJ8i3ELXEXwZ_C3c-Dd97kaD9OCwl9XrpOQyU_EHfhkU_0HzuLSfjqtqxJcYUI73_s6b1dlb9v8imy_ZPRlJehjKD6orSDXzaeQKXr5kQA8Rf1g-kDhslFFqw9v1V0DYsJTq8JDLRrpNR1c0VGF0zOc6jTzGY6UlkmTOuNeX5xMpDaGtgRJ2lJ2eJ2SYVCv4cFwNZ2cxGKe514FqU0PDdl5xmtt9uCuA76hj1xCFzkS1mzdHQerakZdqw'}
DEBUG:root:get requests cookie: {}
DEBUG:urllib3.connectionpool:Starting new HTTPS connection (1): api-dev.medvantxos.com:443
DEBUG:urllib3.connectionpool:https://api-dev.medvantxos.com:443 "GET /api/v1.0/profile HTTP/1.1" 200 325
DEBUG:root:get response status_code: 200
DEBUG:root:get response url:         https://api-dev.medvantxos.com/api/v1.0/profile
DEBUG:root:get response headers: {'Server': 'nginx', 'Date': 'Tue, 20 Oct 2020 19:03:21 GMT', 'Content-Type': 'application/json', 'Content-Length': '325', 'Connection': 'keep-alive', 'Access-Control-Allow-Credentials': 'true', 'Access-Control-Allow-Methods': 'POST, GET, OPTIONS, PUT, PATCH, DELETE', 'Access-Control-Max-Age': '3600', 'Access-Control-Allow-Headers': 'Content-Type, Accept, Authorization, X-Requested-With, remember-me', 'Vary': 'Origin, Access-Control-Request-Method, Access-Control-Request-Headers, Origin, Access-Control-Request-Method, Access-Control-Request-Headers', 'Set-Cookie': 'JSESSIONID=F03B957A58FDA3FFC0BE13F6B5B2183C; Path=/; HttpOnly', 'X-Content-Type-Options': 'nosniff', 'X-XSS-Protection': '1; mode=block', 'Cache-Control': 'no-cache, no-store, max-age=0, must-revalidate', 'Pragma': 'no-cache', 'Expires': '0', 'X-Frame-Options': 'DENY, SAMEORIGIN'}
INFO:root:post response details: {'firstName': 'Jim', 'lastName': 'Beam', 'role': 'TENANT_ADMIN', 'emailAddress': 'tenant_admin@pfizer.com', 'tenantId': '4bf7dba0-23a8-40ce-a7dd-4f5e757c6d93', 'phoneNumber': None, 'lastLogin': 1603220600800, 'createdBy': '95edea01-b20a-49af-9d3f-daeef2ae19d5', 'hasOrders': False, 'addresses': None, 'id': 'b09894d5-0a86-4592-8e44-c8464e8740ae'}
INFO:RobotFramework:Starting Setup for : TestDrugAPI execution
INFO:root:RestApi Create https://api-dev.medvantxos.com/iapi/v1.0/tenant/4bf7dba0-23a8-40ce-a7dd-4f5e757c6d93/drug
INFO:root:post requests url: https://api-dev.medvantxos.com/iapi/v1.0/tenant/4bf7dba0-23a8-40ce-a7dd-4f5e757c6d93/drug
INFO:root:post requests headers: {'Accept': 'application/json', 'Authorization': 'Bearer eyJhbGciOiJSUzI1NiIsInR5cCIgOiAiSldUIiwia2lkIiA6ICJQcU83QXJPVXBDeHB4WjVEcl9palFFX2pMZk55Q1ZYeHlXbVlTWnptcHQ4In0.eyJleHAiOjE2MDMyMjQyMDAsImlhdCI6MTYwMzIyMDYwMCwianRpIjoiMDdkYWJiOTctODEyMi00ZTIzLTllMjMtMjFjYWUxNTM0ZmQ1IiwiaXNzIjoiaHR0cDovL2tleWNsb2FrLXN2Yy9hdXRoL3JlYWxtcy9tZWR2YW50eCIsImF1ZCI6ImFjY291bnQiLCJzdWIiOiJiMDk4OTRkNS0wYTg2LTQ1OTItOGU0NC1jODQ2NGU4NzQwYWUiLCJ0eXAiOiJCZWFyZXIiLCJhenAiOiJhZG1pbi1jbGkiLCJzZXNzaW9uX3N0YXRlIjoiZDgzZDEyMzQtNDZmOC00MjUxLTk3OTAtODU2NzNkMGI4YTkxIiwiYWNyIjoiMSIsInJlYWxtX2FjY2VzcyI6eyJyb2xlcyI6WyJvZmZsaW5lX2FjY2VzcyIsInVtYV9hdXRob3JpemF0aW9uIl19LCJyZXNvdXJjZV9hY2Nlc3MiOnsiYWNjb3VudCI6eyJyb2xlcyI6WyJtYW5hZ2UtYWNjb3VudCIsIm1hbmFnZS1hY2NvdW50LWxpbmtzIiwidmlldy1wcm9maWxlIl19fSwic2NvcGUiOiJwcm9maWxlIGVtYWlsIiwiZW1haWxfdmVyaWZpZWQiOmZhbHNlLCJuYW1lIjoiSmltIEJlYW0iLCJwcmVmZXJyZWRfdXNlcm5hbWUiOiJ0ZW5hbnRfYWRtaW5AcGZpemVyLmNvbSIsImdpdmVuX25hbWUiOiJKaW0iLCJmYW1pbHlfbmFtZSI6IkJlYW0iLCJlbWFpbCI6InRlbmFudF9hZG1pbkBwZml6ZXIuY29tIn0.iqFjAUCVjc_jC9L6aKZtvfeNmFaPtM3XRyShKFBJA2qsyf8wetqFzWp4Md_1oj3JUGyHFzjUBEtOzxFIV3JjyQDz5fihDjJ8i3ELXEXwZ_C3c-Dd97kaD9OCwl9XrpOQyU_EHfhkU_0HzuLSfjqtqxJcYUI73_s6b1dlb9v8imy_ZPRlJehjKD6orSDXzaeQKXr5kQA8Rf1g-kDhslFFqw9v1V0DYsJTq8JDLRrpNR1c0VGF0zOc6jTzGY6UlkmTOuNeX5xMpDaGtgRJ2lJ2eJ2SYVCv4cFwNZ2cxGKe514FqU0PDdl5xmtt9uCuA76hj1xCFzkS1mzdHQerakZdqw', 'Content-type': 'application/json'}
INFO:root:post requests data: {"ndc": "00002064004", "name": "TestDrug", "description": "SECONAL DRUGS", "activeIngredient": "SODIUM", "strength": "100MG", "quantity": "1", "price": 100, "packSize": "1", "labelerName": "SECONAL SODIUM 100MG PULVUL", "route": "INTRAVENOUS", "termsAndConditions": "420", "prescriberInformation": "Take this before waking up and after sleeping"}
INFO:root:post requests cookie: {}
DEBUG:urllib3.connectionpool:Starting new HTTPS connection (1): api-dev.medvantxos.com:443
DEBUG:urllib3.connectionpool:https://api-dev.medvantxos.com:443 "POST /iapi/v1.0/tenant/4bf7dba0-23a8-40ce-a7dd-4f5e757c6d93/drug HTTP/1.1" 200 618
INFO:root:post response status_code: 200
INFO:root:post response url:         https://api-dev.medvantxos.com/iapi/v1.0/tenant/4bf7dba0-23a8-40ce-a7dd-4f5e757c6d93/drug
INFO:root:post response headers: {'Server': 'nginx', 'Date': 'Tue, 20 Oct 2020 19:03:23 GMT', 'Content-Type': 'application/json', 'Content-Length': '618', 'Connection': 'keep-alive', 'Access-Control-Allow-Credentials': 'true', 'Access-Control-Allow-Methods': 'POST, GET, OPTIONS, PUT, PATCH, DELETE', 'Access-Control-Max-Age': '3600', 'Access-Control-Allow-Headers': 'Content-Type, Accept, Authorization, X-Requested-With, remember-me', 'Vary': 'Origin, Access-Control-Request-Method, Access-Control-Request-Headers, Origin, Access-Control-Request-Method, Access-Control-Request-Headers', 'Set-Cookie': 'JSESSIONID=0DE440ABE3EC536C79E1C5AF370C8D8C; Path=/; HttpOnly', 'X-Content-Type-Options': 'nosniff', 'X-XSS-Protection': '1; mode=block', 'Cache-Control': 'no-cache, no-store, max-age=0, must-revalidate', 'Pragma': 'no-cache', 'Expires': '0', 'X-Frame-Options': 'DENY, SAMEORIGIN'}
INFO:root:post response details: {'id': 'f9cf4107-d8d1-4281-b01d-6235b07c2226', 'tenantId': '4bf7dba0-23a8-40ce-a7dd-4f5e757c6d93', 'ndc': '00002064004', 'name': 'TestDrug', 'description': 'SECONAL DRUGS', 'brandName': None, 'imageUrl': None, 'activeIngredient': 'SODIUM', 'strength': '100MG', 'quantity': '1', 'price': 100.0, 'packForm': None, 'packSize': '1', 'dateCreated': 1603220603295, 'dateModified': 1603220603295, 'labelerName': 'SECONAL SODIUM 100MG PULVUL', 'groupID': None, 'gcn': None, 'route': 'INTRAVENOUS', 'type': None, 'linkedToSite': False, 'termsAndConditions': '420', 'prescriberInformation': 'Take this before waking up and after sleeping', 'linkedSiteId': None, 'active': True}
INFO:root:RestApi Get https://api-dev.medvantxos.com/iapi/v1.0/tenant/4bf7dba0-23a8-40ce-a7dd-4f5e757c6d93/drugs
DEBUG:root:get requests url: https://api-dev.medvantxos.com/iapi/v1.0/tenant/4bf7dba0-23a8-40ce-a7dd-4f5e757c6d93/drugs
DEBUG:root:get requests headers: {'Accept': 'application/json', 'Authorization': 'Bearer eyJhbGciOiJSUzI1NiIsInR5cCIgOiAiSldUIiwia2lkIiA6ICJQcU83QXJPVXBDeHB4WjVEcl9palFFX2pMZk55Q1ZYeHlXbVlTWnptcHQ4In0.eyJleHAiOjE2MDMyMjQyMDAsImlhdCI6MTYwMzIyMDYwMCwianRpIjoiMDdkYWJiOTctODEyMi00ZTIzLTllMjMtMjFjYWUxNTM0ZmQ1IiwiaXNzIjoiaHR0cDovL2tleWNsb2FrLXN2Yy9hdXRoL3JlYWxtcy9tZWR2YW50eCIsImF1ZCI6ImFjY291bnQiLCJzdWIiOiJiMDk4OTRkNS0wYTg2LTQ1OTItOGU0NC1jODQ2NGU4NzQwYWUiLCJ0eXAiOiJCZWFyZXIiLCJhenAiOiJhZG1pbi1jbGkiLCJzZXNzaW9uX3N0YXRlIjoiZDgzZDEyMzQtNDZmOC00MjUxLTk3OTAtODU2NzNkMGI4YTkxIiwiYWNyIjoiMSIsInJlYWxtX2FjY2VzcyI6eyJyb2xlcyI6WyJvZmZsaW5lX2FjY2VzcyIsInVtYV9hdXRob3JpemF0aW9uIl19LCJyZXNvdXJjZV9hY2Nlc3MiOnsiYWNjb3VudCI6eyJyb2xlcyI6WyJtYW5hZ2UtYWNjb3VudCIsIm1hbmFnZS1hY2NvdW50LWxpbmtzIiwidmlldy1wcm9maWxlIl19fSwic2NvcGUiOiJwcm9maWxlIGVtYWlsIiwiZW1haWxfdmVyaWZpZWQiOmZhbHNlLCJuYW1lIjoiSmltIEJlYW0iLCJwcmVmZXJyZWRfdXNlcm5hbWUiOiJ0ZW5hbnRfYWRtaW5AcGZpemVyLmNvbSIsImdpdmVuX25hbWUiOiJKaW0iLCJmYW1pbHlfbmFtZSI6IkJlYW0iLCJlbWFpbCI6InRlbmFudF9hZG1pbkBwZml6ZXIuY29tIn0.iqFjAUCVjc_jC9L6aKZtvfeNmFaPtM3XRyShKFBJA2qsyf8wetqFzWp4Md_1oj3JUGyHFzjUBEtOzxFIV3JjyQDz5fihDjJ8i3ELXEXwZ_C3c-Dd97kaD9OCwl9XrpOQyU_EHfhkU_0HzuLSfjqtqxJcYUI73_s6b1dlb9v8imy_ZPRlJehjKD6orSDXzaeQKXr5kQA8Rf1g-kDhslFFqw9v1V0DYsJTq8JDLRrpNR1c0VGF0zOc6jTzGY6UlkmTOuNeX5xMpDaGtgRJ2lJ2eJ2SYVCv4cFwNZ2cxGKe514FqU0PDdl5xmtt9uCuA76hj1xCFzkS1mzdHQerakZdqw'}
DEBUG:root:get requests cookie: {}
DEBUG:urllib3.connectionpool:Starting new HTTPS connection (1): api-dev.medvantxos.com:443
DEBUG:urllib3.connectionpool:https://api-dev.medvantxos.com:443 "GET /iapi/v1.0/tenant/4bf7dba0-23a8-40ce-a7dd-4f5e757c6d93/drugs HTTP/1.1" 200 3396
DEBUG:root:get response status_code: 200
DEBUG:root:get response url:         https://api-dev.medvantxos.com/iapi/v1.0/tenant/4bf7dba0-23a8-40ce-a7dd-4f5e757c6d93/drugs
DEBUG:root:get response headers: {'Server': 'nginx', 'Date': 'Tue, 20 Oct 2020 19:03:24 GMT', 'Content-Type': 'application/json', 'Content-Length': '3396', 'Connection': 'keep-alive', 'Access-Control-Allow-Credentials': 'true', 'Access-Control-Allow-Methods': 'POST, GET, OPTIONS, PUT, PATCH, DELETE', 'Access-Control-Max-Age': '3600', 'Access-Control-Allow-Headers': 'Content-Type, Accept, Authorization, X-Requested-With, remember-me', 'Vary': 'Origin, Access-Control-Request-Method, Access-Control-Request-Headers, Origin, Access-Control-Request-Method, Access-Control-Request-Headers', 'Set-Cookie': 'JSESSIONID=ABBCA67BE43F2805D2005F886E0ABB88; Path=/; HttpOnly', 'X-Content-Type-Options': 'nosniff', 'X-XSS-Protection': '1; mode=block', 'Cache-Control': 'no-cache, no-store, max-age=0, must-revalidate', 'Pragma': 'no-cache', 'Expires': '0', 'X-Frame-Options': 'DENY, SAMEORIGIN'}
INFO:root:post response details: [{'id': '4faf0552-8937-4756-bfbb-dbf82e0c932a', 'tenantId': '4bf7dba0-23a8-40ce-a7dd-4f5e757c6d93', 'ndc': '00002322730', 'name': 'STRATTERA', 'description': 'STRATTERA T', 'brandName': None, 'imageUrl': None, 'activeIngredient': 'STRATTERA', 'strength': '534 mg/100mL; 831 mg/100mL; 475 mg/100mL; 125 mg/100mL; 300 mg/100mL; 360 mg/100mL; 125 mg/100mL; 452 mg/100mL; 490 mg/100mL; 861 mg/100mL; 370 mg/100mL; 576 mg/100mL; 270 mg/100mL; 220 mg/100mL; 570 mg/100mL; 347 mg/100mL; 50 mg/100mL; 44 mg/100mL', 'quantity': '1', 'price': 91.0, 'packForm': None, 'packSize': '30', 'dateCreated': 1602004282405, 'dateModified': 1602004282405, 'labelerName': 'STRATTERA 10 MG CAPSULE', 'groupID': None, 'gcn': None, 'route': 'TOPICAL', 'type': None, 'linkedToSite': False, 'termsAndConditions': None, 'prescriberInformation': None, 'linkedSiteId': None, 'active': True}, {'id': 'a90c7fe5-9160-4ca9-aa7a-c1abce9c3ef2', 'tenantId': '4bf7dba0-23a8-40ce-a7dd-4f5e757c6d93', 'ndc': '00002050101', 'name': 'NEBCIN', 'description': 'PEDIATRIC', 'brandName': 'NEBCIN', 'imageUrl': None, 'activeIngredient': 'LYSINE', 'strength': '10 MG/ML', 'quantity': '1', 'price': 13.0, 'packForm': None, 'packSize': '2', 'dateCreated': 1600266341401, 'dateModified': 1600266341401, 'labelerName': 'NEBCIN PED 10 MG/ML VIAL', 'groupID': None, 'gcn': None, 'route': 'ORAL', 'type': None, 'linkedToSite': True, 'termsAndConditions': 'Danger! Danger !', 'prescriberInformation': 'Please Never Take this', 'linkedSiteId': 'fc42acd9-0e74-45ab-9028-ae6c57c59c0a', 'active': True}, {'id': 'b1069d22-2ed5-4dfc-97c5-c229600a602c', 'tenantId': '4bf7dba0-23a8-40ce-a7dd-4f5e757c6d93', 'ndc': '00061821001', 'name': 'cipla', 'description': '0000205010112223', 'brandName': None, 'imageUrl': None, 'activeIngredient': 'ALTRENO', 'strength': '10 MG/ML', 'quantity': '1', 'price': 10.0, 'packForm': None, 'packSize': '3 BLISTER PACK in 1 CARTON (13845-1203-2)  > 10 CAPSULE in 1 BLISTER PACK', 'dateCreated': 1602004406085, 'dateModified': 1602004406085, 'labelerName': 'Topical 3.75 MG-23 MG CAPSULE', 'groupID': None, 'gcn': None, 'route': 'TOPICAL', 'type': None, 'linkedToSite': True, 'termsAndConditions': None, 'prescriberInformation': None, 'linkedSiteId': '88b49de1-f476-4ac3-a63f-72ac1e4b4c24', 'active': True}, {'id': 'c0a0750c-0893-4799-8eb4-d6193aa3dd0d', 'tenantId': '4bf7dba0-23a8-40ce-a7dd-4f5e757c6d93', 'ndc': '00002064002', 'name': 'SECONAL', 'description': 'SECONAL DRUGS', 'brandName': None, 'imageUrl': None, 'activeIngredient': 'SODIUM', 'strength': '100MG', 'quantity': '1', 'price': 100.0, 'packForm': None, 'packSize': '1', 'dateCreated': 1600957182353, 'dateModified': 1600957182353, 'labelerName': 'SECONAL SODIUM 100MG PULVUL', 'groupID': None, 'gcn': None, 'route': 'INTRAVENOUS', 'type': None, 'linkedToSite': True, 'termsAndConditions': '420', 'prescriberInformation': 'Take this before waking up and after sleeping', 'linkedSiteId': '627489b6-1d17-4032-98f1-2402fb9509f6', 'active': True}, {'id': 'f9cf4107-d8d1-4281-b01d-6235b07c2226', 'tenantId': '4bf7dba0-23a8-40ce-a7dd-4f5e757c6d93', 'ndc': '00002064004', 'name': 'TestDrug', 'description': 'SECONAL DRUGS', 'brandName': None, 'imageUrl': None, 'activeIngredient': 'SODIUM', 'strength': '100MG', 'quantity': '1', 'price': 100.0, 'packForm': None, 'packSize': '1', 'dateCreated': 1603220603295, 'dateModified': 1603220603295, 'labelerName': 'SECONAL SODIUM 100MG PULVUL', 'groupID': None, 'gcn': None, 'route': 'INTRAVENOUS', 'type': None, 'linkedToSite': False, 'termsAndConditions': '420', 'prescriberInformation': 'Take this before waking up and after sleeping', 'linkedSiteId': None, 'active': True}]
INFO:root:RestApi Get https://api-dev.medvantxos.com/iapi/v1.0/tenant/4bf7dba0-23a8-40ce-a7dd-4f5e757c6d93/drugs
DEBUG:root:get requests url: https://api-dev.medvantxos.com/iapi/v1.0/tenant/4bf7dba0-23a8-40ce-a7dd-4f5e757c6d93/drugs
DEBUG:root:get requests headers: {'Accept': 'application/json', 'Authorization': 'Bearer eyJhbGciOiJSUzI1NiIsInR5cCIgOiAiSldUIiwia2lkIiA6ICJQcU83QXJPVXBDeHB4WjVEcl9palFFX2pMZk55Q1ZYeHlXbVlTWnptcHQ4In0.eyJleHAiOjE2MDMyMjQyMDAsImlhdCI6MTYwMzIyMDYwMCwianRpIjoiMDdkYWJiOTctODEyMi00ZTIzLTllMjMtMjFjYWUxNTM0ZmQ1IiwiaXNzIjoiaHR0cDovL2tleWNsb2FrLXN2Yy9hdXRoL3JlYWxtcy9tZWR2YW50eCIsImF1ZCI6ImFjY291bnQiLCJzdWIiOiJiMDk4OTRkNS0wYTg2LTQ1OTItOGU0NC1jODQ2NGU4NzQwYWUiLCJ0eXAiOiJCZWFyZXIiLCJhenAiOiJhZG1pbi1jbGkiLCJzZXNzaW9uX3N0YXRlIjoiZDgzZDEyMzQtNDZmOC00MjUxLTk3OTAtODU2NzNkMGI4YTkxIiwiYWNyIjoiMSIsInJlYWxtX2FjY2VzcyI6eyJyb2xlcyI6WyJvZmZsaW5lX2FjY2VzcyIsInVtYV9hdXRob3JpemF0aW9uIl19LCJyZXNvdXJjZV9hY2Nlc3MiOnsiYWNjb3VudCI6eyJyb2xlcyI6WyJtYW5hZ2UtYWNjb3VudCIsIm1hbmFnZS1hY2NvdW50LWxpbmtzIiwidmlldy1wcm9maWxlIl19fSwic2NvcGUiOiJwcm9maWxlIGVtYWlsIiwiZW1haWxfdmVyaWZpZWQiOmZhbHNlLCJuYW1lIjoiSmltIEJlYW0iLCJwcmVmZXJyZWRfdXNlcm5hbWUiOiJ0ZW5hbnRfYWRtaW5AcGZpemVyLmNvbSIsImdpdmVuX25hbWUiOiJKaW0iLCJmYW1pbHlfbmFtZSI6IkJlYW0iLCJlbWFpbCI6InRlbmFudF9hZG1pbkBwZml6ZXIuY29tIn0.iqFjAUCVjc_jC9L6aKZtvfeNmFaPtM3XRyShKFBJA2qsyf8wetqFzWp4Md_1oj3JUGyHFzjUBEtOzxFIV3JjyQDz5fihDjJ8i3ELXEXwZ_C3c-Dd97kaD9OCwl9XrpOQyU_EHfhkU_0HzuLSfjqtqxJcYUI73_s6b1dlb9v8imy_ZPRlJehjKD6orSDXzaeQKXr5kQA8Rf1g-kDhslFFqw9v1V0DYsJTq8JDLRrpNR1c0VGF0zOc6jTzGY6UlkmTOuNeX5xMpDaGtgRJ2lJ2eJ2SYVCv4cFwNZ2cxGKe514FqU0PDdl5xmtt9uCuA76hj1xCFzkS1mzdHQerakZdqw'}
DEBUG:root:get requests cookie: {}
DEBUG:urllib3.connectionpool:Starting new HTTPS connection (1): api-dev.medvantxos.com:443
DEBUG:urllib3.connectionpool:https://api-dev.medvantxos.com:443 "GET /iapi/v1.0/tenant/4bf7dba0-23a8-40ce-a7dd-4f5e757c6d93/drugs HTTP/1.1" 200 3396
DEBUG:root:get response status_code: 200
DEBUG:root:get response url:         https://api-dev.medvantxos.com/iapi/v1.0/tenant/4bf7dba0-23a8-40ce-a7dd-4f5e757c6d93/drugs
DEBUG:root:get response headers: {'Server': 'nginx', 'Date': 'Tue, 20 Oct 2020 19:03:25 GMT', 'Content-Type': 'application/json', 'Content-Length': '3396', 'Connection': 'keep-alive', 'Access-Control-Allow-Credentials': 'true', 'Access-Control-Allow-Methods': 'POST, GET, OPTIONS, PUT, PATCH, DELETE', 'Access-Control-Max-Age': '3600', 'Access-Control-Allow-Headers': 'Content-Type, Accept, Authorization, X-Requested-With, remember-me', 'Vary': 'Origin, Access-Control-Request-Method, Access-Control-Request-Headers, Origin, Access-Control-Request-Method, Access-Control-Request-Headers', 'Set-Cookie': 'JSESSIONID=D8F4F31658C746441F11FC0C2A7DF0C0; Path=/; HttpOnly', 'X-Content-Type-Options': 'nosniff', 'X-XSS-Protection': '1; mode=block', 'Cache-Control': 'no-cache, no-store, max-age=0, must-revalidate', 'Pragma': 'no-cache', 'Expires': '0', 'X-Frame-Options': 'DENY, SAMEORIGIN'}
INFO:root:post response details: [{'id': '4faf0552-8937-4756-bfbb-dbf82e0c932a', 'tenantId': '4bf7dba0-23a8-40ce-a7dd-4f5e757c6d93', 'ndc': '00002322730', 'name': 'STRATTERA', 'description': 'STRATTERA T', 'brandName': None, 'imageUrl': None, 'activeIngredient': 'STRATTERA', 'strength': '534 mg/100mL; 831 mg/100mL; 475 mg/100mL; 125 mg/100mL; 300 mg/100mL; 360 mg/100mL; 125 mg/100mL; 452 mg/100mL; 490 mg/100mL; 861 mg/100mL; 370 mg/100mL; 576 mg/100mL; 270 mg/100mL; 220 mg/100mL; 570 mg/100mL; 347 mg/100mL; 50 mg/100mL; 44 mg/100mL', 'quantity': '1', 'price': 91.0, 'packForm': None, 'packSize': '30', 'dateCreated': 1602004282405, 'dateModified': 1602004282405, 'labelerName': 'STRATTERA 10 MG CAPSULE', 'groupID': None, 'gcn': None, 'route': 'TOPICAL', 'type': None, 'linkedToSite': False, 'termsAndConditions': None, 'prescriberInformation': None, 'linkedSiteId': None, 'active': True}, {'id': 'a90c7fe5-9160-4ca9-aa7a-c1abce9c3ef2', 'tenantId': '4bf7dba0-23a8-40ce-a7dd-4f5e757c6d93', 'ndc': '00002050101', 'name': 'NEBCIN', 'description': 'PEDIATRIC', 'brandName': 'NEBCIN', 'imageUrl': None, 'activeIngredient': 'LYSINE', 'strength': '10 MG/ML', 'quantity': '1', 'price': 13.0, 'packForm': None, 'packSize': '2', 'dateCreated': 1600266341401, 'dateModified': 1600266341401, 'labelerName': 'NEBCIN PED 10 MG/ML VIAL', 'groupID': None, 'gcn': None, 'route': 'ORAL', 'type': None, 'linkedToSite': True, 'termsAndConditions': 'Danger! Danger !', 'prescriberInformation': 'Please Never Take this', 'linkedSiteId': 'fc42acd9-0e74-45ab-9028-ae6c57c59c0a', 'active': True}, {'id': 'b1069d22-2ed5-4dfc-97c5-c229600a602c', 'tenantId': '4bf7dba0-23a8-40ce-a7dd-4f5e757c6d93', 'ndc': '00061821001', 'name': 'cipla', 'description': '0000205010112223', 'brandName': None, 'imageUrl': None, 'activeIngredient': 'ALTRENO', 'strength': '10 MG/ML', 'quantity': '1', 'price': 10.0, 'packForm': None, 'packSize': '3 BLISTER PACK in 1 CARTON (13845-1203-2)  > 10 CAPSULE in 1 BLISTER PACK', 'dateCreated': 1602004406085, 'dateModified': 1602004406085, 'labelerName': 'Topical 3.75 MG-23 MG CAPSULE', 'groupID': None, 'gcn': None, 'route': 'TOPICAL', 'type': None, 'linkedToSite': True, 'termsAndConditions': None, 'prescriberInformation': None, 'linkedSiteId': '88b49de1-f476-4ac3-a63f-72ac1e4b4c24', 'active': True}, {'id': 'c0a0750c-0893-4799-8eb4-d6193aa3dd0d', 'tenantId': '4bf7dba0-23a8-40ce-a7dd-4f5e757c6d93', 'ndc': '00002064002', 'name': 'SECONAL', 'description': 'SECONAL DRUGS', 'brandName': None, 'imageUrl': None, 'activeIngredient': 'SODIUM', 'strength': '100MG', 'quantity': '1', 'price': 100.0, 'packForm': None, 'packSize': '1', 'dateCreated': 1600957182353, 'dateModified': 1600957182353, 'labelerName': 'SECONAL SODIUM 100MG PULVUL', 'groupID': None, 'gcn': None, 'route': 'INTRAVENOUS', 'type': None, 'linkedToSite': True, 'termsAndConditions': '420', 'prescriberInformation': 'Take this before waking up and after sleeping', 'linkedSiteId': '627489b6-1d17-4032-98f1-2402fb9509f6', 'active': True}, {'id': 'f9cf4107-d8d1-4281-b01d-6235b07c2226', 'tenantId': '4bf7dba0-23a8-40ce-a7dd-4f5e757c6d93', 'ndc': '00002064004', 'name': 'TestDrug', 'description': 'SECONAL DRUGS', 'brandName': None, 'imageUrl': None, 'activeIngredient': 'SODIUM', 'strength': '100MG', 'quantity': '1', 'price': 100.0, 'packForm': None, 'packSize': '1', 'dateCreated': 1603220603295, 'dateModified': 1603220603295, 'labelerName': 'SECONAL SODIUM 100MG PULVUL', 'groupID': None, 'gcn': None, 'route': 'INTRAVENOUS', 'type': None, 'linkedToSite': False, 'termsAndConditions': '420', 'prescriberInformation': 'Take this before waking up and after sleeping', 'linkedSiteId': None, 'active': True}]
INFO:root:RestApi Get https://api-dev.medvantxos.com/iapi/v1.0/tenant/4bf7dba0-23a8-40ce-a7dd-4f5e757c6d93/drugs
DEBUG:root:get requests url: https://api-dev.medvantxos.com/iapi/v1.0/tenant/4bf7dba0-23a8-40ce-a7dd-4f5e757c6d93/drugs
DEBUG:root:get requests headers: {'Accept': 'application/json', 'Authorization': 'Bearer eyJhbGciOiJSUzI1NiIsInR5cCIgOiAiSldUIiwia2lkIiA6ICJQcU83QXJPVXBDeHB4WjVEcl9palFFX2pMZk55Q1ZYeHlXbVlTWnptcHQ4In0.eyJleHAiOjE2MDMyMjQyMDAsImlhdCI6MTYwMzIyMDYwMCwianRpIjoiMDdkYWJiOTctODEyMi00ZTIzLTllMjMtMjFjYWUxNTM0ZmQ1IiwiaXNzIjoiaHR0cDovL2tleWNsb2FrLXN2Yy9hdXRoL3JlYWxtcy9tZWR2YW50eCIsImF1ZCI6ImFjY291bnQiLCJzdWIiOiJiMDk4OTRkNS0wYTg2LTQ1OTItOGU0NC1jODQ2NGU4NzQwYWUiLCJ0eXAiOiJCZWFyZXIiLCJhenAiOiJhZG1pbi1jbGkiLCJzZXNzaW9uX3N0YXRlIjoiZDgzZDEyMzQtNDZmOC00MjUxLTk3OTAtODU2NzNkMGI4YTkxIiwiYWNyIjoiMSIsInJlYWxtX2FjY2VzcyI6eyJyb2xlcyI6WyJvZmZsaW5lX2FjY2VzcyIsInVtYV9hdXRob3JpemF0aW9uIl19LCJyZXNvdXJjZV9hY2Nlc3MiOnsiYWNjb3VudCI6eyJyb2xlcyI6WyJtYW5hZ2UtYWNjb3VudCIsIm1hbmFnZS1hY2NvdW50LWxpbmtzIiwidmlldy1wcm9maWxlIl19fSwic2NvcGUiOiJwcm9maWxlIGVtYWlsIiwiZW1haWxfdmVyaWZpZWQiOmZhbHNlLCJuYW1lIjoiSmltIEJlYW0iLCJwcmVmZXJyZWRfdXNlcm5hbWUiOiJ0ZW5hbnRfYWRtaW5AcGZpemVyLmNvbSIsImdpdmVuX25hbWUiOiJKaW0iLCJmYW1pbHlfbmFtZSI6IkJlYW0iLCJlbWFpbCI6InRlbmFudF9hZG1pbkBwZml6ZXIuY29tIn0.iqFjAUCVjc_jC9L6aKZtvfeNmFaPtM3XRyShKFBJA2qsyf8wetqFzWp4Md_1oj3JUGyHFzjUBEtOzxFIV3JjyQDz5fihDjJ8i3ELXEXwZ_C3c-Dd97kaD9OCwl9XrpOQyU_EHfhkU_0HzuLSfjqtqxJcYUI73_s6b1dlb9v8imy_ZPRlJehjKD6orSDXzaeQKXr5kQA8Rf1g-kDhslFFqw9v1V0DYsJTq8JDLRrpNR1c0VGF0zOc6jTzGY6UlkmTOuNeX5xMpDaGtgRJ2lJ2eJ2SYVCv4cFwNZ2cxGKe514FqU0PDdl5xmtt9uCuA76hj1xCFzkS1mzdHQerakZdqw'}
DEBUG:root:get requests cookie: {}
DEBUG:urllib3.connectionpool:Starting new HTTPS connection (1): api-dev.medvantxos.com:443
DEBUG:urllib3.connectionpool:https://api-dev.medvantxos.com:443 "GET /iapi/v1.0/tenant/4bf7dba0-23a8-40ce-a7dd-4f5e757c6d93/drugs HTTP/1.1" 200 3396
DEBUG:root:get response status_code: 200
DEBUG:root:get response url:         https://api-dev.medvantxos.com/iapi/v1.0/tenant/4bf7dba0-23a8-40ce-a7dd-4f5e757c6d93/drugs
DEBUG:root:get response headers: {'Server': 'nginx', 'Date': 'Tue, 20 Oct 2020 19:03:26 GMT', 'Content-Type': 'application/json', 'Content-Length': '3396', 'Connection': 'keep-alive', 'Access-Control-Allow-Credentials': 'true', 'Access-Control-Allow-Methods': 'POST, GET, OPTIONS, PUT, PATCH, DELETE', 'Access-Control-Max-Age': '3600', 'Access-Control-Allow-Headers': 'Content-Type, Accept, Authorization, X-Requested-With, remember-me', 'Vary': 'Origin, Access-Control-Request-Method, Access-Control-Request-Headers, Origin, Access-Control-Request-Method, Access-Control-Request-Headers', 'Set-Cookie': 'JSESSIONID=05B1B50AB13019FB2AF0BB8E8B3414FE; Path=/; HttpOnly', 'X-Content-Type-Options': 'nosniff', 'X-XSS-Protection': '1; mode=block', 'Cache-Control': 'no-cache, no-store, max-age=0, must-revalidate', 'Pragma': 'no-cache', 'Expires': '0', 'X-Frame-Options': 'DENY, SAMEORIGIN'}
INFO:root:post response details: [{'id': '4faf0552-8937-4756-bfbb-dbf82e0c932a', 'tenantId': '4bf7dba0-23a8-40ce-a7dd-4f5e757c6d93', 'ndc': '00002322730', 'name': 'STRATTERA', 'description': 'STRATTERA T', 'brandName': None, 'imageUrl': None, 'activeIngredient': 'STRATTERA', 'strength': '534 mg/100mL; 831 mg/100mL; 475 mg/100mL; 125 mg/100mL; 300 mg/100mL; 360 mg/100mL; 125 mg/100mL; 452 mg/100mL; 490 mg/100mL; 861 mg/100mL; 370 mg/100mL; 576 mg/100mL; 270 mg/100mL; 220 mg/100mL; 570 mg/100mL; 347 mg/100mL; 50 mg/100mL; 44 mg/100mL', 'quantity': '1', 'price': 91.0, 'packForm': None, 'packSize': '30', 'dateCreated': 1602004282405, 'dateModified': 1602004282405, 'labelerName': 'STRATTERA 10 MG CAPSULE', 'groupID': None, 'gcn': None, 'route': 'TOPICAL', 'type': None, 'linkedToSite': False, 'termsAndConditions': None, 'prescriberInformation': None, 'linkedSiteId': None, 'active': True}, {'id': 'a90c7fe5-9160-4ca9-aa7a-c1abce9c3ef2', 'tenantId': '4bf7dba0-23a8-40ce-a7dd-4f5e757c6d93', 'ndc': '00002050101', 'name': 'NEBCIN', 'description': 'PEDIATRIC', 'brandName': 'NEBCIN', 'imageUrl': None, 'activeIngredient': 'LYSINE', 'strength': '10 MG/ML', 'quantity': '1', 'price': 13.0, 'packForm': None, 'packSize': '2', 'dateCreated': 1600266341401, 'dateModified': 1600266341401, 'labelerName': 'NEBCIN PED 10 MG/ML VIAL', 'groupID': None, 'gcn': None, 'route': 'ORAL', 'type': None, 'linkedToSite': True, 'termsAndConditions': 'Danger! Danger !', 'prescriberInformation': 'Please Never Take this', 'linkedSiteId': 'fc42acd9-0e74-45ab-9028-ae6c57c59c0a', 'active': True}, {'id': 'b1069d22-2ed5-4dfc-97c5-c229600a602c', 'tenantId': '4bf7dba0-23a8-40ce-a7dd-4f5e757c6d93', 'ndc': '00061821001', 'name': 'cipla', 'description': '0000205010112223', 'brandName': None, 'imageUrl': None, 'activeIngredient': 'ALTRENO', 'strength': '10 MG/ML', 'quantity': '1', 'price': 10.0, 'packForm': None, 'packSize': '3 BLISTER PACK in 1 CARTON (13845-1203-2)  > 10 CAPSULE in 1 BLISTER PACK', 'dateCreated': 1602004406085, 'dateModified': 1602004406085, 'labelerName': 'Topical 3.75 MG-23 MG CAPSULE', 'groupID': None, 'gcn': None, 'route': 'TOPICAL', 'type': None, 'linkedToSite': True, 'termsAndConditions': None, 'prescriberInformation': None, 'linkedSiteId': '88b49de1-f476-4ac3-a63f-72ac1e4b4c24', 'active': True}, {'id': 'c0a0750c-0893-4799-8eb4-d6193aa3dd0d', 'tenantId': '4bf7dba0-23a8-40ce-a7dd-4f5e757c6d93', 'ndc': '00002064002', 'name': 'SECONAL', 'description': 'SECONAL DRUGS', 'brandName': None, 'imageUrl': None, 'activeIngredient': 'SODIUM', 'strength': '100MG', 'quantity': '1', 'price': 100.0, 'packForm': None, 'packSize': '1', 'dateCreated': 1600957182353, 'dateModified': 1600957182353, 'labelerName': 'SECONAL SODIUM 100MG PULVUL', 'groupID': None, 'gcn': None, 'route': 'INTRAVENOUS', 'type': None, 'linkedToSite': True, 'termsAndConditions': '420', 'prescriberInformation': 'Take this before waking up and after sleeping', 'linkedSiteId': '627489b6-1d17-4032-98f1-2402fb9509f6', 'active': True}, {'id': 'f9cf4107-d8d1-4281-b01d-6235b07c2226', 'tenantId': '4bf7dba0-23a8-40ce-a7dd-4f5e757c6d93', 'ndc': '00002064004', 'name': 'TestDrug', 'description': 'SECONAL DRUGS', 'brandName': None, 'imageUrl': None, 'activeIngredient': 'SODIUM', 'strength': '100MG', 'quantity': '1', 'price': 100.0, 'packForm': None, 'packSize': '1', 'dateCreated': 1603220603295, 'dateModified': 1603220603295, 'labelerName': 'SECONAL SODIUM 100MG PULVUL', 'groupID': None, 'gcn': None, 'route': 'INTRAVENOUS', 'type': None, 'linkedToSite': False, 'termsAndConditions': '420', 'prescriberInformation': 'Take this before waking up and after sleeping', 'linkedSiteId': None, 'active': True}]
INFO:root:RestApi Create https://api-dev.medvantxos.com/iapi/v1.0/tenant/4bf7dba0-23a8-40ce-a7dd-4f5e757c6d93/drug
INFO:root:post requests url: https://api-dev.medvantxos.com/iapi/v1.0/tenant/4bf7dba0-23a8-40ce-a7dd-4f5e757c6d93/drug
INFO:root:post requests headers: {'Accept': 'application/json', 'Authorization': 'Bearer eyJhbGciOiJSUzI1NiIsInR5cCIgOiAiSldUIiwia2lkIiA6ICJQcU83QXJPVXBDeHB4WjVEcl9palFFX2pMZk55Q1ZYeHlXbVlTWnptcHQ4In0.eyJleHAiOjE2MDMyMjQyMDAsImlhdCI6MTYwMzIyMDYwMCwianRpIjoiMDdkYWJiOTctODEyMi00ZTIzLTllMjMtMjFjYWUxNTM0ZmQ1IiwiaXNzIjoiaHR0cDovL2tleWNsb2FrLXN2Yy9hdXRoL3JlYWxtcy9tZWR2YW50eCIsImF1ZCI6ImFjY291bnQiLCJzdWIiOiJiMDk4OTRkNS0wYTg2LTQ1OTItOGU0NC1jODQ2NGU4NzQwYWUiLCJ0eXAiOiJCZWFyZXIiLCJhenAiOiJhZG1pbi1jbGkiLCJzZXNzaW9uX3N0YXRlIjoiZDgzZDEyMzQtNDZmOC00MjUxLTk3OTAtODU2NzNkMGI4YTkxIiwiYWNyIjoiMSIsInJlYWxtX2FjY2VzcyI6eyJyb2xlcyI6WyJvZmZsaW5lX2FjY2VzcyIsInVtYV9hdXRob3JpemF0aW9uIl19LCJyZXNvdXJjZV9hY2Nlc3MiOnsiYWNjb3VudCI6eyJyb2xlcyI6WyJtYW5hZ2UtYWNjb3VudCIsIm1hbmFnZS1hY2NvdW50LWxpbmtzIiwidmlldy1wcm9maWxlIl19fSwic2NvcGUiOiJwcm9maWxlIGVtYWlsIiwiZW1haWxfdmVyaWZpZWQiOmZhbHNlLCJuYW1lIjoiSmltIEJlYW0iLCJwcmVmZXJyZWRfdXNlcm5hbWUiOiJ0ZW5hbnRfYWRtaW5AcGZpemVyLmNvbSIsImdpdmVuX25hbWUiOiJKaW0iLCJmYW1pbHlfbmFtZSI6IkJlYW0iLCJlbWFpbCI6InRlbmFudF9hZG1pbkBwZml6ZXIuY29tIn0.iqFjAUCVjc_jC9L6aKZtvfeNmFaPtM3XRyShKFBJA2qsyf8wetqFzWp4Md_1oj3JUGyHFzjUBEtOzxFIV3JjyQDz5fihDjJ8i3ELXEXwZ_C3c-Dd97kaD9OCwl9XrpOQyU_EHfhkU_0HzuLSfjqtqxJcYUI73_s6b1dlb9v8imy_ZPRlJehjKD6orSDXzaeQKXr5kQA8Rf1g-kDhslFFqw9v1V0DYsJTq8JDLRrpNR1c0VGF0zOc6jTzGY6UlkmTOuNeX5xMpDaGtgRJ2lJ2eJ2SYVCv4cFwNZ2cxGKe514FqU0PDdl5xmtt9uCuA76hj1xCFzkS1mzdHQerakZdqw', 'Content-type': 'application/json'}
INFO:root:post requests data: {"ndc": "00023361606", "name": "New_Drug", "description": "STRATTERA T", "activeIngredient": "STRATTERA", "strength": "534 mg/100mL; 831 mg/100mL; 475 mg/100mL; 125 mg/100mL; 300 mg/100mL; 360 mg/100mL; 125 mg/100mL; 452 mg/100mL; 490 mg/100mL; 861 mg/100mL; 370 mg/100mL; 576 mg/100mL; 270 mg/100mL; 220 mg/100mL; 570 mg/100mL; 347 mg/100mL; 50 mg/100mL; 44 mg/100mL", "quantity": "1", "price": 91.0, "packSize": "30", "labelerName": "STRATTERA 10 MG CAPSULE", "route": "TOPICAL", "active": true}
INFO:root:post requests cookie: {}
DEBUG:urllib3.connectionpool:Starting new HTTPS connection (1): api-dev.medvantxos.com:443
DEBUG:urllib3.connectionpool:https://api-dev.medvantxos.com:443 "POST /iapi/v1.0/tenant/4bf7dba0-23a8-40ce-a7dd-4f5e757c6d93/drug HTTP/1.1" 200 810
INFO:root:post response status_code: 200
INFO:root:post response url:         https://api-dev.medvantxos.com/iapi/v1.0/tenant/4bf7dba0-23a8-40ce-a7dd-4f5e757c6d93/drug
INFO:root:post response headers: {'Server': 'nginx', 'Date': 'Tue, 20 Oct 2020 19:03:28 GMT', 'Content-Type': 'application/json', 'Content-Length': '810', 'Connection': 'keep-alive', 'Access-Control-Allow-Credentials': 'true', 'Access-Control-Allow-Methods': 'POST, GET, OPTIONS, PUT, PATCH, DELETE', 'Access-Control-Max-Age': '3600', 'Access-Control-Allow-Headers': 'Content-Type, Accept, Authorization, X-Requested-With, remember-me', 'Vary': 'Origin, Access-Control-Request-Method, Access-Control-Request-Headers, Origin, Access-Control-Request-Method, Access-Control-Request-Headers', 'Set-Cookie': 'JSESSIONID=7C6A04329EB26CD4B2EED62766780EFC; Path=/; HttpOnly', 'X-Content-Type-Options': 'nosniff', 'X-XSS-Protection': '1; mode=block', 'Cache-Control': 'no-cache, no-store, max-age=0, must-revalidate', 'Pragma': 'no-cache', 'Expires': '0', 'X-Frame-Options': 'DENY, SAMEORIGIN'}
INFO:root:post response details: {'id': 'b2e88e64-93cc-45da-b07d-7bfb7bbd7180', 'tenantId': '4bf7dba0-23a8-40ce-a7dd-4f5e757c6d93', 'ndc': '00023361606', 'name': 'New_Drug', 'description': 'STRATTERA T', 'brandName': None, 'imageUrl': None, 'activeIngredient': 'STRATTERA', 'strength': '534 mg/100mL; 831 mg/100mL; 475 mg/100mL; 125 mg/100mL; 300 mg/100mL; 360 mg/100mL; 125 mg/100mL; 452 mg/100mL; 490 mg/100mL; 861 mg/100mL; 370 mg/100mL; 576 mg/100mL; 270 mg/100mL; 220 mg/100mL; 570 mg/100mL; 347 mg/100mL; 50 mg/100mL; 44 mg/100mL', 'quantity': '1', 'price': 91.0, 'packForm': None, 'packSize': '30', 'dateCreated': 1603220608307, 'dateModified': 1603220608307, 'labelerName': 'STRATTERA 10 MG CAPSULE', 'groupID': None, 'gcn': None, 'route': 'TOPICAL', 'type': None, 'linkedToSite': False, 'termsAndConditions': None, 'prescriberInformation': None, 'linkedSiteId': None, 'active': True}
INFO:RobotFramework:The expected dictionary is {'id': '4faf0552-8937-4756-bfbb-dbf82e0c932a', 'tenantId': '4bf7dba0-23a8-40ce-a7dd-4f5e757c6d93', 'ndc': '00023361606', 'name': 'New_Drug', 'description': 'STRATTERA T', 'brandName': None, 'imageUrl': None, 'activeIngredient': 'STRATTERA', 'strength': '534 mg/100mL; 831 mg/100mL; 475 mg/100mL; 125 mg/100mL; 300 mg/100mL; 360 mg/100mL; 125 mg/100mL; 452 mg/100mL; 490 mg/100mL; 861 mg/100mL; 370 mg/100mL; 576 mg/100mL; 270 mg/100mL; 220 mg/100mL; 570 mg/100mL; 347 mg/100mL; 50 mg/100mL; 44 mg/100mL', 'quantity': '1', 'price': 91.0, 'packForm': None, 'packSize': '30', 'dateCreated': 1602004282405, 'dateModified': 1602004282405, 'labelerName': 'STRATTERA 10 MG CAPSULE', 'groupID': None, 'gcn': None, 'route': 'TOPICAL', 'type': None, 'linkedToSite': False, 'termsAndConditions': None, 'prescriberInformation': None, 'linkedSiteId': None, 'active': True} 

INFO:RobotFramework:The actual dictionary is {'id': 'b2e88e64-93cc-45da-b07d-7bfb7bbd7180', 'tenantId': '4bf7dba0-23a8-40ce-a7dd-4f5e757c6d93', 'ndc': '00023361606', 'name': 'New_Drug', 'description': 'STRATTERA T', 'brandName': None, 'imageUrl': None, 'activeIngredient': 'STRATTERA', 'strength': '534 mg/100mL; 831 mg/100mL; 475 mg/100mL; 125 mg/100mL; 300 mg/100mL; 360 mg/100mL; 125 mg/100mL; 452 mg/100mL; 490 mg/100mL; 861 mg/100mL; 370 mg/100mL; 576 mg/100mL; 270 mg/100mL; 220 mg/100mL; 570 mg/100mL; 347 mg/100mL; 50 mg/100mL; 44 mg/100mL', 'quantity': '1', 'price': 91.0, 'packForm': None, 'packSize': '30', 'dateCreated': 1603220608307, 'dateModified': 1603220608307, 'labelerName': 'STRATTERA 10 MG CAPSULE', 'groupID': None, 'gcn': None, 'route': 'TOPICAL', 'type': None, 'linkedToSite': False, 'termsAndConditions': None, 'prescriberInformation': None, 'linkedSiteId': None, 'active': True} 

INFO:RobotFramework:PASS: Both the expected and actual dictionaries are same.
INFO:root:RestApi Get https://api-dev.medvantxos.com/iapi/v1.0/tenant/4bf7dba0-23a8-40ce-a7dd-4f5e757c6d93/drug/b2e88e64-93cc-45da-b07d-7bfb7bbd7180
DEBUG:root:get requests url: https://api-dev.medvantxos.com/iapi/v1.0/tenant/4bf7dba0-23a8-40ce-a7dd-4f5e757c6d93/drug/b2e88e64-93cc-45da-b07d-7bfb7bbd7180
DEBUG:root:get requests headers: {'Accept': 'application/json', 'Authorization': 'Bearer eyJhbGciOiJSUzI1NiIsInR5cCIgOiAiSldUIiwia2lkIiA6ICJQcU83QXJPVXBDeHB4WjVEcl9palFFX2pMZk55Q1ZYeHlXbVlTWnptcHQ4In0.eyJleHAiOjE2MDMyMjQyMDAsImlhdCI6MTYwMzIyMDYwMCwianRpIjoiMDdkYWJiOTctODEyMi00ZTIzLTllMjMtMjFjYWUxNTM0ZmQ1IiwiaXNzIjoiaHR0cDovL2tleWNsb2FrLXN2Yy9hdXRoL3JlYWxtcy9tZWR2YW50eCIsImF1ZCI6ImFjY291bnQiLCJzdWIiOiJiMDk4OTRkNS0wYTg2LTQ1OTItOGU0NC1jODQ2NGU4NzQwYWUiLCJ0eXAiOiJCZWFyZXIiLCJhenAiOiJhZG1pbi1jbGkiLCJzZXNzaW9uX3N0YXRlIjoiZDgzZDEyMzQtNDZmOC00MjUxLTk3OTAtODU2NzNkMGI4YTkxIiwiYWNyIjoiMSIsInJlYWxtX2FjY2VzcyI6eyJyb2xlcyI6WyJvZmZsaW5lX2FjY2VzcyIsInVtYV9hdXRob3JpemF0aW9uIl19LCJyZXNvdXJjZV9hY2Nlc3MiOnsiYWNjb3VudCI6eyJyb2xlcyI6WyJtYW5hZ2UtYWNjb3VudCIsIm1hbmFnZS1hY2NvdW50LWxpbmtzIiwidmlldy1wcm9maWxlIl19fSwic2NvcGUiOiJwcm9maWxlIGVtYWlsIiwiZW1haWxfdmVyaWZpZWQiOmZhbHNlLCJuYW1lIjoiSmltIEJlYW0iLCJwcmVmZXJyZWRfdXNlcm5hbWUiOiJ0ZW5hbnRfYWRtaW5AcGZpemVyLmNvbSIsImdpdmVuX25hbWUiOiJKaW0iLCJmYW1pbHlfbmFtZSI6IkJlYW0iLCJlbWFpbCI6InRlbmFudF9hZG1pbkBwZml6ZXIuY29tIn0.iqFjAUCVjc_jC9L6aKZtvfeNmFaPtM3XRyShKFBJA2qsyf8wetqFzWp4Md_1oj3JUGyHFzjUBEtOzxFIV3JjyQDz5fihDjJ8i3ELXEXwZ_C3c-Dd97kaD9OCwl9XrpOQyU_EHfhkU_0HzuLSfjqtqxJcYUI73_s6b1dlb9v8imy_ZPRlJehjKD6orSDXzaeQKXr5kQA8Rf1g-kDhslFFqw9v1V0DYsJTq8JDLRrpNR1c0VGF0zOc6jTzGY6UlkmTOuNeX5xMpDaGtgRJ2lJ2eJ2SYVCv4cFwNZ2cxGKe514FqU0PDdl5xmtt9uCuA76hj1xCFzkS1mzdHQerakZdqw'}
DEBUG:root:get requests cookie: {}
DEBUG:urllib3.connectionpool:Starting new HTTPS connection (1): api-dev.medvantxos.com:443
DEBUG:urllib3.connectionpool:https://api-dev.medvantxos.com:443 "GET /iapi/v1.0/tenant/4bf7dba0-23a8-40ce-a7dd-4f5e757c6d93/drug/b2e88e64-93cc-45da-b07d-7bfb7bbd7180 HTTP/1.1" 200 810
DEBUG:root:get response status_code: 200
DEBUG:root:get response url:         https://api-dev.medvantxos.com/iapi/v1.0/tenant/4bf7dba0-23a8-40ce-a7dd-4f5e757c6d93/drug/b2e88e64-93cc-45da-b07d-7bfb7bbd7180
DEBUG:root:get response headers: {'Server': 'nginx', 'Date': 'Tue, 20 Oct 2020 19:03:29 GMT', 'Content-Type': 'application/json', 'Content-Length': '810', 'Connection': 'keep-alive', 'Access-Control-Allow-Credentials': 'true', 'Access-Control-Allow-Methods': 'POST, GET, OPTIONS, PUT, PATCH, DELETE', 'Access-Control-Max-Age': '3600', 'Access-Control-Allow-Headers': 'Content-Type, Accept, Authorization, X-Requested-With, remember-me', 'Vary': 'Origin, Access-Control-Request-Method, Access-Control-Request-Headers, Origin, Access-Control-Request-Method, Access-Control-Request-Headers', 'Set-Cookie': 'JSESSIONID=0514312EB35F78F290B6728825A19465; Path=/; HttpOnly', 'X-Content-Type-Options': 'nosniff', 'X-XSS-Protection': '1; mode=block', 'Cache-Control': 'no-cache, no-store, max-age=0, must-revalidate', 'Pragma': 'no-cache', 'Expires': '0', 'X-Frame-Options': 'DENY, SAMEORIGIN'}
INFO:root:post response details: {'id': 'b2e88e64-93cc-45da-b07d-7bfb7bbd7180', 'tenantId': '4bf7dba0-23a8-40ce-a7dd-4f5e757c6d93', 'ndc': '00023361606', 'name': 'New_Drug', 'description': 'STRATTERA T', 'brandName': None, 'imageUrl': None, 'activeIngredient': 'STRATTERA', 'strength': '534 mg/100mL; 831 mg/100mL; 475 mg/100mL; 125 mg/100mL; 300 mg/100mL; 360 mg/100mL; 125 mg/100mL; 452 mg/100mL; 490 mg/100mL; 861 mg/100mL; 370 mg/100mL; 576 mg/100mL; 270 mg/100mL; 220 mg/100mL; 570 mg/100mL; 347 mg/100mL; 50 mg/100mL; 44 mg/100mL', 'quantity': '1', 'price': 91.0, 'packForm': None, 'packSize': '30', 'dateCreated': 1603220608307, 'dateModified': 1603220608307, 'labelerName': 'STRATTERA 10 MG CAPSULE', 'groupID': None, 'gcn': None, 'route': 'TOPICAL', 'type': None, 'linkedToSite': False, 'termsAndConditions': None, 'prescriberInformation': None, 'linkedSiteId': None, 'active': True}
INFO:root:RestApi Get https://api-dev.medvantxos.com/iapi/v1.0/tenant/4bf7dba0-23a8-40ce-a7dd-4f5e757c6d93/drugs
DEBUG:root:get requests url: https://api-dev.medvantxos.com/iapi/v1.0/tenant/4bf7dba0-23a8-40ce-a7dd-4f5e757c6d93/drugs
DEBUG:root:get requests headers: {'Accept': 'application/json', 'Authorization': 'Bearer eyJhbGciOiJSUzI1NiIsInR5cCIgOiAiSldUIiwia2lkIiA6ICJQcU83QXJPVXBDeHB4WjVEcl9palFFX2pMZk55Q1ZYeHlXbVlTWnptcHQ4In0.eyJleHAiOjE2MDMyMjQyMDAsImlhdCI6MTYwMzIyMDYwMCwianRpIjoiMDdkYWJiOTctODEyMi00ZTIzLTllMjMtMjFjYWUxNTM0ZmQ1IiwiaXNzIjoiaHR0cDovL2tleWNsb2FrLXN2Yy9hdXRoL3JlYWxtcy9tZWR2YW50eCIsImF1ZCI6ImFjY291bnQiLCJzdWIiOiJiMDk4OTRkNS0wYTg2LTQ1OTItOGU0NC1jODQ2NGU4NzQwYWUiLCJ0eXAiOiJCZWFyZXIiLCJhenAiOiJhZG1pbi1jbGkiLCJzZXNzaW9uX3N0YXRlIjoiZDgzZDEyMzQtNDZmOC00MjUxLTk3OTAtODU2NzNkMGI4YTkxIiwiYWNyIjoiMSIsInJlYWxtX2FjY2VzcyI6eyJyb2xlcyI6WyJvZmZsaW5lX2FjY2VzcyIsInVtYV9hdXRob3JpemF0aW9uIl19LCJyZXNvdXJjZV9hY2Nlc3MiOnsiYWNjb3VudCI6eyJyb2xlcyI6WyJtYW5hZ2UtYWNjb3VudCIsIm1hbmFnZS1hY2NvdW50LWxpbmtzIiwidmlldy1wcm9maWxlIl19fSwic2NvcGUiOiJwcm9maWxlIGVtYWlsIiwiZW1haWxfdmVyaWZpZWQiOmZhbHNlLCJuYW1lIjoiSmltIEJlYW0iLCJwcmVmZXJyZWRfdXNlcm5hbWUiOiJ0ZW5hbnRfYWRtaW5AcGZpemVyLmNvbSIsImdpdmVuX25hbWUiOiJKaW0iLCJmYW1pbHlfbmFtZSI6IkJlYW0iLCJlbWFpbCI6InRlbmFudF9hZG1pbkBwZml6ZXIuY29tIn0.iqFjAUCVjc_jC9L6aKZtvfeNmFaPtM3XRyShKFBJA2qsyf8wetqFzWp4Md_1oj3JUGyHFzjUBEtOzxFIV3JjyQDz5fihDjJ8i3ELXEXwZ_C3c-Dd97kaD9OCwl9XrpOQyU_EHfhkU_0HzuLSfjqtqxJcYUI73_s6b1dlb9v8imy_ZPRlJehjKD6orSDXzaeQKXr5kQA8Rf1g-kDhslFFqw9v1V0DYsJTq8JDLRrpNR1c0VGF0zOc6jTzGY6UlkmTOuNeX5xMpDaGtgRJ2lJ2eJ2SYVCv4cFwNZ2cxGKe514FqU0PDdl5xmtt9uCuA76hj1xCFzkS1mzdHQerakZdqw'}
DEBUG:root:get requests cookie: {}
DEBUG:urllib3.connectionpool:Starting new HTTPS connection (1): api-dev.medvantxos.com:443
DEBUG:urllib3.connectionpool:https://api-dev.medvantxos.com:443 "GET /iapi/v1.0/tenant/4bf7dba0-23a8-40ce-a7dd-4f5e757c6d93/drugs HTTP/1.1" 200 4207
DEBUG:root:get response status_code: 200
DEBUG:root:get response url:         https://api-dev.medvantxos.com/iapi/v1.0/tenant/4bf7dba0-23a8-40ce-a7dd-4f5e757c6d93/drugs
DEBUG:root:get response headers: {'Server': 'nginx', 'Date': 'Tue, 20 Oct 2020 19:03:30 GMT', 'Content-Type': 'application/json', 'Content-Length': '4207', 'Connection': 'keep-alive', 'Access-Control-Allow-Credentials': 'true', 'Access-Control-Allow-Methods': 'POST, GET, OPTIONS, PUT, PATCH, DELETE', 'Access-Control-Max-Age': '3600', 'Access-Control-Allow-Headers': 'Content-Type, Accept, Authorization, X-Requested-With, remember-me', 'Vary': 'Origin, Access-Control-Request-Method, Access-Control-Request-Headers, Origin, Access-Control-Request-Method, Access-Control-Request-Headers', 'Set-Cookie': 'JSESSIONID=617D73421657F52CD3073DF8CE4E740D; Path=/; HttpOnly', 'X-Content-Type-Options': 'nosniff', 'X-XSS-Protection': '1; mode=block', 'Cache-Control': 'no-cache, no-store, max-age=0, must-revalidate', 'Pragma': 'no-cache', 'Expires': '0', 'X-Frame-Options': 'DENY, SAMEORIGIN'}
INFO:root:post response details: [{'id': '4faf0552-8937-4756-bfbb-dbf82e0c932a', 'tenantId': '4bf7dba0-23a8-40ce-a7dd-4f5e757c6d93', 'ndc': '00002322730', 'name': 'STRATTERA', 'description': 'STRATTERA T', 'brandName': None, 'imageUrl': None, 'activeIngredient': 'STRATTERA', 'strength': '534 mg/100mL; 831 mg/100mL; 475 mg/100mL; 125 mg/100mL; 300 mg/100mL; 360 mg/100mL; 125 mg/100mL; 452 mg/100mL; 490 mg/100mL; 861 mg/100mL; 370 mg/100mL; 576 mg/100mL; 270 mg/100mL; 220 mg/100mL; 570 mg/100mL; 347 mg/100mL; 50 mg/100mL; 44 mg/100mL', 'quantity': '1', 'price': 91.0, 'packForm': None, 'packSize': '30', 'dateCreated': 1602004282405, 'dateModified': 1602004282405, 'labelerName': 'STRATTERA 10 MG CAPSULE', 'groupID': None, 'gcn': None, 'route': 'TOPICAL', 'type': None, 'linkedToSite': False, 'termsAndConditions': None, 'prescriberInformation': None, 'linkedSiteId': None, 'active': True}, {'id': 'a90c7fe5-9160-4ca9-aa7a-c1abce9c3ef2', 'tenantId': '4bf7dba0-23a8-40ce-a7dd-4f5e757c6d93', 'ndc': '00002050101', 'name': 'NEBCIN', 'description': 'PEDIATRIC', 'brandName': 'NEBCIN', 'imageUrl': None, 'activeIngredient': 'LYSINE', 'strength': '10 MG/ML', 'quantity': '1', 'price': 13.0, 'packForm': None, 'packSize': '2', 'dateCreated': 1600266341401, 'dateModified': 1600266341401, 'labelerName': 'NEBCIN PED 10 MG/ML VIAL', 'groupID': None, 'gcn': None, 'route': 'ORAL', 'type': None, 'linkedToSite': True, 'termsAndConditions': 'Danger! Danger !', 'prescriberInformation': 'Please Never Take this', 'linkedSiteId': 'fc42acd9-0e74-45ab-9028-ae6c57c59c0a', 'active': True}, {'id': 'b1069d22-2ed5-4dfc-97c5-c229600a602c', 'tenantId': '4bf7dba0-23a8-40ce-a7dd-4f5e757c6d93', 'ndc': '00061821001', 'name': 'cipla', 'description': '0000205010112223', 'brandName': None, 'imageUrl': None, 'activeIngredient': 'ALTRENO', 'strength': '10 MG/ML', 'quantity': '1', 'price': 10.0, 'packForm': None, 'packSize': '3 BLISTER PACK in 1 CARTON (13845-1203-2)  > 10 CAPSULE in 1 BLISTER PACK', 'dateCreated': 1602004406085, 'dateModified': 1602004406085, 'labelerName': 'Topical 3.75 MG-23 MG CAPSULE', 'groupID': None, 'gcn': None, 'route': 'TOPICAL', 'type': None, 'linkedToSite': True, 'termsAndConditions': None, 'prescriberInformation': None, 'linkedSiteId': '88b49de1-f476-4ac3-a63f-72ac1e4b4c24', 'active': True}, {'id': 'b2e88e64-93cc-45da-b07d-7bfb7bbd7180', 'tenantId': '4bf7dba0-23a8-40ce-a7dd-4f5e757c6d93', 'ndc': '00023361606', 'name': 'New_Drug', 'description': 'STRATTERA T', 'brandName': None, 'imageUrl': None, 'activeIngredient': 'STRATTERA', 'strength': '534 mg/100mL; 831 mg/100mL; 475 mg/100mL; 125 mg/100mL; 300 mg/100mL; 360 mg/100mL; 125 mg/100mL; 452 mg/100mL; 490 mg/100mL; 861 mg/100mL; 370 mg/100mL; 576 mg/100mL; 270 mg/100mL; 220 mg/100mL; 570 mg/100mL; 347 mg/100mL; 50 mg/100mL; 44 mg/100mL', 'quantity': '1', 'price': 91.0, 'packForm': None, 'packSize': '30', 'dateCreated': 1603220608307, 'dateModified': 1603220608307, 'labelerName': 'STRATTERA 10 MG CAPSULE', 'groupID': None, 'gcn': None, 'route': 'TOPICAL', 'type': None, 'linkedToSite': False, 'termsAndConditions': None, 'prescriberInformation': None, 'linkedSiteId': None, 'active': True}, {'id': 'c0a0750c-0893-4799-8eb4-d6193aa3dd0d', 'tenantId': '4bf7dba0-23a8-40ce-a7dd-4f5e757c6d93', 'ndc': '00002064002', 'name': 'SECONAL', 'description': 'SECONAL DRUGS', 'brandName': None, 'imageUrl': None, 'activeIngredient': 'SODIUM', 'strength': '100MG', 'quantity': '1', 'price': 100.0, 'packForm': None, 'packSize': '1', 'dateCreated': 1600957182353, 'dateModified': 1600957182353, 'labelerName': 'SECONAL SODIUM 100MG PULVUL', 'groupID': None, 'gcn': None, 'route': 'INTRAVENOUS', 'type': None, 'linkedToSite': True, 'termsAndConditions': '420', 'prescriberInformation': 'Take this before waking up and after sleeping', 'linkedSiteId': '627489b6-1d17-4032-98f1-2402fb9509f6', 'active': True}, {'id': 'f9cf4107-d8d1-4281-b01d-6235b07c2226', 'tenantId': '4bf7dba0-23a8-40ce-a7dd-4f5e757c6d93', 'ndc': '00002064004', 'name': 'TestDrug', 'description': 'SECONAL DRUGS', 'brandName': None, 'imageUrl': None, 'activeIngredient': 'SODIUM', 'strength': '100MG', 'quantity': '1', 'price': 100.0, 'packForm': None, 'packSize': '1', 'dateCreated': 1603220603295, 'dateModified': 1603220603295, 'labelerName': 'SECONAL SODIUM 100MG PULVUL', 'groupID': None, 'gcn': None, 'route': 'INTRAVENOUS', 'type': None, 'linkedToSite': False, 'termsAndConditions': '420', 'prescriberInformation': 'Take this before waking up and after sleeping', 'linkedSiteId': None, 'active': True}]
INFO:root:RestApi Create https://api-dev.medvantxos.com/iapi/v1.0/tenant/4bf7dba0-23a8-40ce-a7dd-4f5e757c6d93/drug
INFO:root:post requests url: https://api-dev.medvantxos.com/iapi/v1.0/tenant/4bf7dba0-23a8-40ce-a7dd-4f5e757c6d93/drug
INFO:root:post requests headers: {'Accept': 'application/json', 'Authorization': 'Bearer eyJhbGciOiJSUzI1NiIsInR5cCIgOiAiSldUIiwia2lkIiA6ICJQcU83QXJPVXBDeHB4WjVEcl9palFFX2pMZk55Q1ZYeHlXbVlTWnptcHQ4In0.eyJleHAiOjE2MDMyMjQyMDAsImlhdCI6MTYwMzIyMDYwMCwianRpIjoiMDdkYWJiOTctODEyMi00ZTIzLTllMjMtMjFjYWUxNTM0ZmQ1IiwiaXNzIjoiaHR0cDovL2tleWNsb2FrLXN2Yy9hdXRoL3JlYWxtcy9tZWR2YW50eCIsImF1ZCI6ImFjY291bnQiLCJzdWIiOiJiMDk4OTRkNS0wYTg2LTQ1OTItOGU0NC1jODQ2NGU4NzQwYWUiLCJ0eXAiOiJCZWFyZXIiLCJhenAiOiJhZG1pbi1jbGkiLCJzZXNzaW9uX3N0YXRlIjoiZDgzZDEyMzQtNDZmOC00MjUxLTk3OTAtODU2NzNkMGI4YTkxIiwiYWNyIjoiMSIsInJlYWxtX2FjY2VzcyI6eyJyb2xlcyI6WyJvZmZsaW5lX2FjY2VzcyIsInVtYV9hdXRob3JpemF0aW9uIl19LCJyZXNvdXJjZV9hY2Nlc3MiOnsiYWNjb3VudCI6eyJyb2xlcyI6WyJtYW5hZ2UtYWNjb3VudCIsIm1hbmFnZS1hY2NvdW50LWxpbmtzIiwidmlldy1wcm9maWxlIl19fSwic2NvcGUiOiJwcm9maWxlIGVtYWlsIiwiZW1haWxfdmVyaWZpZWQiOmZhbHNlLCJuYW1lIjoiSmltIEJlYW0iLCJwcmVmZXJyZWRfdXNlcm5hbWUiOiJ0ZW5hbnRfYWRtaW5AcGZpemVyLmNvbSIsImdpdmVuX25hbWUiOiJKaW0iLCJmYW1pbHlfbmFtZSI6IkJlYW0iLCJlbWFpbCI6InRlbmFudF9hZG1pbkBwZml6ZXIuY29tIn0.iqFjAUCVjc_jC9L6aKZtvfeNmFaPtM3XRyShKFBJA2qsyf8wetqFzWp4Md_1oj3JUGyHFzjUBEtOzxFIV3JjyQDz5fihDjJ8i3ELXEXwZ_C3c-Dd97kaD9OCwl9XrpOQyU_EHfhkU_0HzuLSfjqtqxJcYUI73_s6b1dlb9v8imy_ZPRlJehjKD6orSDXzaeQKXr5kQA8Rf1g-kDhslFFqw9v1V0DYsJTq8JDLRrpNR1c0VGF0zOc6jTzGY6UlkmTOuNeX5xMpDaGtgRJ2lJ2eJ2SYVCv4cFwNZ2cxGKe514FqU0PDdl5xmtt9uCuA76hj1xCFzkS1mzdHQerakZdqw', 'Content-type': 'application/json'}
INFO:root:post requests data: {"ndc": "00023361606", "name": "Existing_Drug", "description": "STRATTERA T", "activeIngredient": "STRATTERA", "strength": "534 mg/100mL; 831 mg/100mL; 475 mg/100mL; 125 mg/100mL; 300 mg/100mL; 360 mg/100mL; 125 mg/100mL; 452 mg/100mL; 490 mg/100mL; 861 mg/100mL; 370 mg/100mL; 576 mg/100mL; 270 mg/100mL; 220 mg/100mL; 570 mg/100mL; 347 mg/100mL; 50 mg/100mL; 44 mg/100mL", "quantity": "1", "price": 91.0, "packSize": "30", "labelerName": "STRATTERA 10 MG CAPSULE", "route": "TOPICAL", "active": true}
INFO:root:post requests cookie: {}
DEBUG:urllib3.connectionpool:Starting new HTTPS connection (1): api-dev.medvantxos.com:443
DEBUG:urllib3.connectionpool:https://api-dev.medvantxos.com:443 "POST /iapi/v1.0/tenant/4bf7dba0-23a8-40ce-a7dd-4f5e757c6d93/drug HTTP/1.1" 400 183
INFO:root:post response status_code: 400
INFO:root:post response url:         https://api-dev.medvantxos.com/iapi/v1.0/tenant/4bf7dba0-23a8-40ce-a7dd-4f5e757c6d93/drug
INFO:root:post response headers: {'Server': 'nginx', 'Date': 'Tue, 20 Oct 2020 19:03:31 GMT', 'Content-Type': 'application/json', 'Content-Length': '183', 'Connection': 'keep-alive', 'Access-Control-Allow-Credentials': 'true', 'Access-Control-Allow-Methods': 'POST, GET, OPTIONS, PUT, PATCH, DELETE', 'Access-Control-Max-Age': '3600', 'Access-Control-Allow-Headers': 'Content-Type, Accept, Authorization, X-Requested-With, remember-me', 'Vary': 'Origin, Access-Control-Request-Method, Access-Control-Request-Headers, Origin, Access-Control-Request-Method, Access-Control-Request-Headers', 'Set-Cookie': 'JSESSIONID=6AEA6038D34A287D61F3833F4E268699; Path=/; HttpOnly', 'X-Content-Type-Options': 'nosniff', 'X-XSS-Protection': '1; mode=block', 'Cache-Control': 'no-cache, no-store, max-age=0, must-revalidate', 'Pragma': 'no-cache', 'Expires': '0', 'X-Frame-Options': 'DENY, SAMEORIGIN'}
INFO:root:post response details: {'timeStamp': 1603220611893, 'statusCode': 400, 'statusMessage': 'Drug with NDC 00023361606 already exist', 'errorDetails': 'uri=/iapi/v1.0/tenant/4bf7dba0-23a8-40ce-a7dd-4f5e757c6d93/drug'}
INFO:root:RestApi Get https://api-dev.medvantxos.com/iapi/v1.0/tenant/4bf7dba0-23a8-40ce-a7dd-4f5e757c6d93/drugs
DEBUG:root:get requests url: https://api-dev.medvantxos.com/iapi/v1.0/tenant/4bf7dba0-23a8-40ce-a7dd-4f5e757c6d93/drugs
DEBUG:root:get requests headers: {'Accept': 'application/json', 'Authorization': 'Bearer eyJhbGciOiJSUzI1NiIsInR5cCIgOiAiSldUIiwia2lkIiA6ICJQcU83QXJPVXBDeHB4WjVEcl9palFFX2pMZk55Q1ZYeHlXbVlTWnptcHQ4In0.eyJleHAiOjE2MDMyMjQyMDAsImlhdCI6MTYwMzIyMDYwMCwianRpIjoiMDdkYWJiOTctODEyMi00ZTIzLTllMjMtMjFjYWUxNTM0ZmQ1IiwiaXNzIjoiaHR0cDovL2tleWNsb2FrLXN2Yy9hdXRoL3JlYWxtcy9tZWR2YW50eCIsImF1ZCI6ImFjY291bnQiLCJzdWIiOiJiMDk4OTRkNS0wYTg2LTQ1OTItOGU0NC1jODQ2NGU4NzQwYWUiLCJ0eXAiOiJCZWFyZXIiLCJhenAiOiJhZG1pbi1jbGkiLCJzZXNzaW9uX3N0YXRlIjoiZDgzZDEyMzQtNDZmOC00MjUxLTk3OTAtODU2NzNkMGI4YTkxIiwiYWNyIjoiMSIsInJlYWxtX2FjY2VzcyI6eyJyb2xlcyI6WyJvZmZsaW5lX2FjY2VzcyIsInVtYV9hdXRob3JpemF0aW9uIl19LCJyZXNvdXJjZV9hY2Nlc3MiOnsiYWNjb3VudCI6eyJyb2xlcyI6WyJtYW5hZ2UtYWNjb3VudCIsIm1hbmFnZS1hY2NvdW50LWxpbmtzIiwidmlldy1wcm9maWxlIl19fSwic2NvcGUiOiJwcm9maWxlIGVtYWlsIiwiZW1haWxfdmVyaWZpZWQiOmZhbHNlLCJuYW1lIjoiSmltIEJlYW0iLCJwcmVmZXJyZWRfdXNlcm5hbWUiOiJ0ZW5hbnRfYWRtaW5AcGZpemVyLmNvbSIsImdpdmVuX25hbWUiOiJKaW0iLCJmYW1pbHlfbmFtZSI6IkJlYW0iLCJlbWFpbCI6InRlbmFudF9hZG1pbkBwZml6ZXIuY29tIn0.iqFjAUCVjc_jC9L6aKZtvfeNmFaPtM3XRyShKFBJA2qsyf8wetqFzWp4Md_1oj3JUGyHFzjUBEtOzxFIV3JjyQDz5fihDjJ8i3ELXEXwZ_C3c-Dd97kaD9OCwl9XrpOQyU_EHfhkU_0HzuLSfjqtqxJcYUI73_s6b1dlb9v8imy_ZPRlJehjKD6orSDXzaeQKXr5kQA8Rf1g-kDhslFFqw9v1V0DYsJTq8JDLRrpNR1c0VGF0zOc6jTzGY6UlkmTOuNeX5xMpDaGtgRJ2lJ2eJ2SYVCv4cFwNZ2cxGKe514FqU0PDdl5xmtt9uCuA76hj1xCFzkS1mzdHQerakZdqw'}
DEBUG:root:get requests cookie: {}
DEBUG:urllib3.connectionpool:Starting new HTTPS connection (1): api-dev.medvantxos.com:443
DEBUG:urllib3.connectionpool:https://api-dev.medvantxos.com:443 "GET /iapi/v1.0/tenant/4bf7dba0-23a8-40ce-a7dd-4f5e757c6d93/drugs HTTP/1.1" 200 4207
DEBUG:root:get response status_code: 200
DEBUG:root:get response url:         https://api-dev.medvantxos.com/iapi/v1.0/tenant/4bf7dba0-23a8-40ce-a7dd-4f5e757c6d93/drugs
DEBUG:root:get response headers: {'Server': 'nginx', 'Date': 'Tue, 20 Oct 2020 19:03:33 GMT', 'Content-Type': 'application/json', 'Content-Length': '4207', 'Connection': 'keep-alive', 'Access-Control-Allow-Credentials': 'true', 'Access-Control-Allow-Methods': 'POST, GET, OPTIONS, PUT, PATCH, DELETE', 'Access-Control-Max-Age': '3600', 'Access-Control-Allow-Headers': 'Content-Type, Accept, Authorization, X-Requested-With, remember-me', 'Vary': 'Origin, Access-Control-Request-Method, Access-Control-Request-Headers, Origin, Access-Control-Request-Method, Access-Control-Request-Headers', 'Set-Cookie': 'JSESSIONID=0B5C7A95A2A2FAFFF3A0DB9FA559DB92; Path=/; HttpOnly', 'X-Content-Type-Options': 'nosniff', 'X-XSS-Protection': '1; mode=block', 'Cache-Control': 'no-cache, no-store, max-age=0, must-revalidate', 'Pragma': 'no-cache', 'Expires': '0', 'X-Frame-Options': 'DENY, SAMEORIGIN'}
INFO:root:post response details: [{'id': '4faf0552-8937-4756-bfbb-dbf82e0c932a', 'tenantId': '4bf7dba0-23a8-40ce-a7dd-4f5e757c6d93', 'ndc': '00002322730', 'name': 'STRATTERA', 'description': 'STRATTERA T', 'brandName': None, 'imageUrl': None, 'activeIngredient': 'STRATTERA', 'strength': '534 mg/100mL; 831 mg/100mL; 475 mg/100mL; 125 mg/100mL; 300 mg/100mL; 360 mg/100mL; 125 mg/100mL; 452 mg/100mL; 490 mg/100mL; 861 mg/100mL; 370 mg/100mL; 576 mg/100mL; 270 mg/100mL; 220 mg/100mL; 570 mg/100mL; 347 mg/100mL; 50 mg/100mL; 44 mg/100mL', 'quantity': '1', 'price': 91.0, 'packForm': None, 'packSize': '30', 'dateCreated': 1602004282405, 'dateModified': 1602004282405, 'labelerName': 'STRATTERA 10 MG CAPSULE', 'groupID': None, 'gcn': None, 'route': 'TOPICAL', 'type': None, 'linkedToSite': False, 'termsAndConditions': None, 'prescriberInformation': None, 'linkedSiteId': None, 'active': True}, {'id': 'a90c7fe5-9160-4ca9-aa7a-c1abce9c3ef2', 'tenantId': '4bf7dba0-23a8-40ce-a7dd-4f5e757c6d93', 'ndc': '00002050101', 'name': 'NEBCIN', 'description': 'PEDIATRIC', 'brandName': 'NEBCIN', 'imageUrl': None, 'activeIngredient': 'LYSINE', 'strength': '10 MG/ML', 'quantity': '1', 'price': 13.0, 'packForm': None, 'packSize': '2', 'dateCreated': 1600266341401, 'dateModified': 1600266341401, 'labelerName': 'NEBCIN PED 10 MG/ML VIAL', 'groupID': None, 'gcn': None, 'route': 'ORAL', 'type': None, 'linkedToSite': True, 'termsAndConditions': 'Danger! Danger !', 'prescriberInformation': 'Please Never Take this', 'linkedSiteId': 'fc42acd9-0e74-45ab-9028-ae6c57c59c0a', 'active': True}, {'id': 'b1069d22-2ed5-4dfc-97c5-c229600a602c', 'tenantId': '4bf7dba0-23a8-40ce-a7dd-4f5e757c6d93', 'ndc': '00061821001', 'name': 'cipla', 'description': '0000205010112223', 'brandName': None, 'imageUrl': None, 'activeIngredient': 'ALTRENO', 'strength': '10 MG/ML', 'quantity': '1', 'price': 10.0, 'packForm': None, 'packSize': '3 BLISTER PACK in 1 CARTON (13845-1203-2)  > 10 CAPSULE in 1 BLISTER PACK', 'dateCreated': 1602004406085, 'dateModified': 1602004406085, 'labelerName': 'Topical 3.75 MG-23 MG CAPSULE', 'groupID': None, 'gcn': None, 'route': 'TOPICAL', 'type': None, 'linkedToSite': True, 'termsAndConditions': None, 'prescriberInformation': None, 'linkedSiteId': '88b49de1-f476-4ac3-a63f-72ac1e4b4c24', 'active': True}, {'id': 'b2e88e64-93cc-45da-b07d-7bfb7bbd7180', 'tenantId': '4bf7dba0-23a8-40ce-a7dd-4f5e757c6d93', 'ndc': '00023361606', 'name': 'New_Drug', 'description': 'STRATTERA T', 'brandName': None, 'imageUrl': None, 'activeIngredient': 'STRATTERA', 'strength': '534 mg/100mL; 831 mg/100mL; 475 mg/100mL; 125 mg/100mL; 300 mg/100mL; 360 mg/100mL; 125 mg/100mL; 452 mg/100mL; 490 mg/100mL; 861 mg/100mL; 370 mg/100mL; 576 mg/100mL; 270 mg/100mL; 220 mg/100mL; 570 mg/100mL; 347 mg/100mL; 50 mg/100mL; 44 mg/100mL', 'quantity': '1', 'price': 91.0, 'packForm': None, 'packSize': '30', 'dateCreated': 1603220608307, 'dateModified': 1603220608307, 'labelerName': 'STRATTERA 10 MG CAPSULE', 'groupID': None, 'gcn': None, 'route': 'TOPICAL', 'type': None, 'linkedToSite': False, 'termsAndConditions': None, 'prescriberInformation': None, 'linkedSiteId': None, 'active': True}, {'id': 'c0a0750c-0893-4799-8eb4-d6193aa3dd0d', 'tenantId': '4bf7dba0-23a8-40ce-a7dd-4f5e757c6d93', 'ndc': '00002064002', 'name': 'SECONAL', 'description': 'SECONAL DRUGS', 'brandName': None, 'imageUrl': None, 'activeIngredient': 'SODIUM', 'strength': '100MG', 'quantity': '1', 'price': 100.0, 'packForm': None, 'packSize': '1', 'dateCreated': 1600957182353, 'dateModified': 1600957182353, 'labelerName': 'SECONAL SODIUM 100MG PULVUL', 'groupID': None, 'gcn': None, 'route': 'INTRAVENOUS', 'type': None, 'linkedToSite': True, 'termsAndConditions': '420', 'prescriberInformation': 'Take this before waking up and after sleeping', 'linkedSiteId': '627489b6-1d17-4032-98f1-2402fb9509f6', 'active': True}, {'id': 'f9cf4107-d8d1-4281-b01d-6235b07c2226', 'tenantId': '4bf7dba0-23a8-40ce-a7dd-4f5e757c6d93', 'ndc': '00002064004', 'name': 'TestDrug', 'description': 'SECONAL DRUGS', 'brandName': None, 'imageUrl': None, 'activeIngredient': 'SODIUM', 'strength': '100MG', 'quantity': '1', 'price': 100.0, 'packForm': None, 'packSize': '1', 'dateCreated': 1603220603295, 'dateModified': 1603220603295, 'labelerName': 'SECONAL SODIUM 100MG PULVUL', 'groupID': None, 'gcn': None, 'route': 'INTRAVENOUS', 'type': None, 'linkedToSite': False, 'termsAndConditions': '420', 'prescriberInformation': 'Take this before waking up and after sleeping', 'linkedSiteId': None, 'active': True}]
INFO:root:RestApi Delete https://api-dev.medvantxos.com/iapi/v1.0/tenant/4bf7dba0-23a8-40ce-a7dd-4f5e757c6d93/drug/b2e88e64-93cc-45da-b07d-7bfb7bbd7180
DEBUG:root:delete requests url: https://api-dev.medvantxos.com/iapi/v1.0/tenant/4bf7dba0-23a8-40ce-a7dd-4f5e757c6d93/drug/b2e88e64-93cc-45da-b07d-7bfb7bbd7180
DEBUG:root:delete requests headers: {'Accept': 'application/json', 'Authorization': 'Bearer eyJhbGciOiJSUzI1NiIsInR5cCIgOiAiSldUIiwia2lkIiA6ICJQcU83QXJPVXBDeHB4WjVEcl9palFFX2pMZk55Q1ZYeHlXbVlTWnptcHQ4In0.eyJleHAiOjE2MDMyMjQyMDAsImlhdCI6MTYwMzIyMDYwMCwianRpIjoiMDdkYWJiOTctODEyMi00ZTIzLTllMjMtMjFjYWUxNTM0ZmQ1IiwiaXNzIjoiaHR0cDovL2tleWNsb2FrLXN2Yy9hdXRoL3JlYWxtcy9tZWR2YW50eCIsImF1ZCI6ImFjY291bnQiLCJzdWIiOiJiMDk4OTRkNS0wYTg2LTQ1OTItOGU0NC1jODQ2NGU4NzQwYWUiLCJ0eXAiOiJCZWFyZXIiLCJhenAiOiJhZG1pbi1jbGkiLCJzZXNzaW9uX3N0YXRlIjoiZDgzZDEyMzQtNDZmOC00MjUxLTk3OTAtODU2NzNkMGI4YTkxIiwiYWNyIjoiMSIsInJlYWxtX2FjY2VzcyI6eyJyb2xlcyI6WyJvZmZsaW5lX2FjY2VzcyIsInVtYV9hdXRob3JpemF0aW9uIl19LCJyZXNvdXJjZV9hY2Nlc3MiOnsiYWNjb3VudCI6eyJyb2xlcyI6WyJtYW5hZ2UtYWNjb3VudCIsIm1hbmFnZS1hY2NvdW50LWxpbmtzIiwidmlldy1wcm9maWxlIl19fSwic2NvcGUiOiJwcm9maWxlIGVtYWlsIiwiZW1haWxfdmVyaWZpZWQiOmZhbHNlLCJuYW1lIjoiSmltIEJlYW0iLCJwcmVmZXJyZWRfdXNlcm5hbWUiOiJ0ZW5hbnRfYWRtaW5AcGZpemVyLmNvbSIsImdpdmVuX25hbWUiOiJKaW0iLCJmYW1pbHlfbmFtZSI6IkJlYW0iLCJlbWFpbCI6InRlbmFudF9hZG1pbkBwZml6ZXIuY29tIn0.iqFjAUCVjc_jC9L6aKZtvfeNmFaPtM3XRyShKFBJA2qsyf8wetqFzWp4Md_1oj3JUGyHFzjUBEtOzxFIV3JjyQDz5fihDjJ8i3ELXEXwZ_C3c-Dd97kaD9OCwl9XrpOQyU_EHfhkU_0HzuLSfjqtqxJcYUI73_s6b1dlb9v8imy_ZPRlJehjKD6orSDXzaeQKXr5kQA8Rf1g-kDhslFFqw9v1V0DYsJTq8JDLRrpNR1c0VGF0zOc6jTzGY6UlkmTOuNeX5xMpDaGtgRJ2lJ2eJ2SYVCv4cFwNZ2cxGKe514FqU0PDdl5xmtt9uCuA76hj1xCFzkS1mzdHQerakZdqw'}
DEBUG:root:delete requests cookie: {}
DEBUG:urllib3.connectionpool:Starting new HTTPS connection (1): api-dev.medvantxos.com:443
DEBUG:urllib3.connectionpool:https://api-dev.medvantxos.com:443 "DELETE /iapi/v1.0/tenant/4bf7dba0-23a8-40ce-a7dd-4f5e757c6d93/drug/b2e88e64-93cc-45da-b07d-7bfb7bbd7180 HTTP/1.1" 200 0
DEBUG:root:delete response status_code: 200
INFO:root:post response details: None
INFO:root:RestApi Delete https://api-dev.medvantxos.com/iapi/v1.0/tenant/4bf7dba0-23a8-40ce-a7dd-4f5e757c6d93/drug/4bf7dba0-23a8-40ce-a7dd-4f5e757c6d93
DEBUG:root:delete requests url: https://api-dev.medvantxos.com/iapi/v1.0/tenant/4bf7dba0-23a8-40ce-a7dd-4f5e757c6d93/drug/4bf7dba0-23a8-40ce-a7dd-4f5e757c6d93
DEBUG:root:delete requests headers: {'Accept': 'application/json', 'Authorization': 'Bearer eyJhbGciOiJSUzI1NiIsInR5cCIgOiAiSldUIiwia2lkIiA6ICJQcU83QXJPVXBDeHB4WjVEcl9palFFX2pMZk55Q1ZYeHlXbVlTWnptcHQ4In0.eyJleHAiOjE2MDMyMjQyMDAsImlhdCI6MTYwMzIyMDYwMCwianRpIjoiMDdkYWJiOTctODEyMi00ZTIzLTllMjMtMjFjYWUxNTM0ZmQ1IiwiaXNzIjoiaHR0cDovL2tleWNsb2FrLXN2Yy9hdXRoL3JlYWxtcy9tZWR2YW50eCIsImF1ZCI6ImFjY291bnQiLCJzdWIiOiJiMDk4OTRkNS0wYTg2LTQ1OTItOGU0NC1jODQ2NGU4NzQwYWUiLCJ0eXAiOiJCZWFyZXIiLCJhenAiOiJhZG1pbi1jbGkiLCJzZXNzaW9uX3N0YXRlIjoiZDgzZDEyMzQtNDZmOC00MjUxLTk3OTAtODU2NzNkMGI4YTkxIiwiYWNyIjoiMSIsInJlYWxtX2FjY2VzcyI6eyJyb2xlcyI6WyJvZmZsaW5lX2FjY2VzcyIsInVtYV9hdXRob3JpemF0aW9uIl19LCJyZXNvdXJjZV9hY2Nlc3MiOnsiYWNjb3VudCI6eyJyb2xlcyI6WyJtYW5hZ2UtYWNjb3VudCIsIm1hbmFnZS1hY2NvdW50LWxpbmtzIiwidmlldy1wcm9maWxlIl19fSwic2NvcGUiOiJwcm9maWxlIGVtYWlsIiwiZW1haWxfdmVyaWZpZWQiOmZhbHNlLCJuYW1lIjoiSmltIEJlYW0iLCJwcmVmZXJyZWRfdXNlcm5hbWUiOiJ0ZW5hbnRfYWRtaW5AcGZpemVyLmNvbSIsImdpdmVuX25hbWUiOiJKaW0iLCJmYW1pbHlfbmFtZSI6IkJlYW0iLCJlbWFpbCI6InRlbmFudF9hZG1pbkBwZml6ZXIuY29tIn0.iqFjAUCVjc_jC9L6aKZtvfeNmFaPtM3XRyShKFBJA2qsyf8wetqFzWp4Md_1oj3JUGyHFzjUBEtOzxFIV3JjyQDz5fihDjJ8i3ELXEXwZ_C3c-Dd97kaD9OCwl9XrpOQyU_EHfhkU_0HzuLSfjqtqxJcYUI73_s6b1dlb9v8imy_ZPRlJehjKD6orSDXzaeQKXr5kQA8Rf1g-kDhslFFqw9v1V0DYsJTq8JDLRrpNR1c0VGF0zOc6jTzGY6UlkmTOuNeX5xMpDaGtgRJ2lJ2eJ2SYVCv4cFwNZ2cxGKe514FqU0PDdl5xmtt9uCuA76hj1xCFzkS1mzdHQerakZdqw'}
DEBUG:root:delete requests cookie: {}
DEBUG:urllib3.connectionpool:Starting new HTTPS connection (1): api-dev.medvantxos.com:443
DEBUG:urllib3.connectionpool:https://api-dev.medvantxos.com:443 "DELETE /iapi/v1.0/tenant/4bf7dba0-23a8-40ce-a7dd-4f5e757c6d93/drug/4bf7dba0-23a8-40ce-a7dd-4f5e757c6d93 HTTP/1.1" 404 240
DEBUG:root:delete response status_code: 404
INFO:root:post response details: {'timeStamp': 1603220615586, 'statusCode': 404, 'statusMessage': 'Drug with Id 4bf7dba0-23a8-40ce-a7dd-4f5e757c6d93 not found', 'errorDetails': 'uri=/iapi/v1.0/tenant/4bf7dba0-23a8-40ce-a7dd-4f5e757c6d93/drug/4bf7dba0-23a8-40ce-a7dd-4f5e757c6d93'}
INFO:root:RestApi Get https://api-dev.medvantxos.com/iapi/v1.0/tenant/4bf7dba0-23a8-40ce-a7dd-4f5e757c6d93/drugs
DEBUG:root:get requests url: https://api-dev.medvantxos.com/iapi/v1.0/tenant/4bf7dba0-23a8-40ce-a7dd-4f5e757c6d93/drugs
DEBUG:root:get requests headers: {'Accept': 'application/json', 'Authorization': 'Bearer eyJhbGciOiJSUzI1NiIsInR5cCIgOiAiSldUIiwia2lkIiA6ICJQcU83QXJPVXBDeHB4WjVEcl9palFFX2pMZk55Q1ZYeHlXbVlTWnptcHQ4In0.eyJleHAiOjE2MDMyMjQyMDAsImlhdCI6MTYwMzIyMDYwMCwianRpIjoiMDdkYWJiOTctODEyMi00ZTIzLTllMjMtMjFjYWUxNTM0ZmQ1IiwiaXNzIjoiaHR0cDovL2tleWNsb2FrLXN2Yy9hdXRoL3JlYWxtcy9tZWR2YW50eCIsImF1ZCI6ImFjY291bnQiLCJzdWIiOiJiMDk4OTRkNS0wYTg2LTQ1OTItOGU0NC1jODQ2NGU4NzQwYWUiLCJ0eXAiOiJCZWFyZXIiLCJhenAiOiJhZG1pbi1jbGkiLCJzZXNzaW9uX3N0YXRlIjoiZDgzZDEyMzQtNDZmOC00MjUxLTk3OTAtODU2NzNkMGI4YTkxIiwiYWNyIjoiMSIsInJlYWxtX2FjY2VzcyI6eyJyb2xlcyI6WyJvZmZsaW5lX2FjY2VzcyIsInVtYV9hdXRob3JpemF0aW9uIl19LCJyZXNvdXJjZV9hY2Nlc3MiOnsiYWNjb3VudCI6eyJyb2xlcyI6WyJtYW5hZ2UtYWNjb3VudCIsIm1hbmFnZS1hY2NvdW50LWxpbmtzIiwidmlldy1wcm9maWxlIl19fSwic2NvcGUiOiJwcm9maWxlIGVtYWlsIiwiZW1haWxfdmVyaWZpZWQiOmZhbHNlLCJuYW1lIjoiSmltIEJlYW0iLCJwcmVmZXJyZWRfdXNlcm5hbWUiOiJ0ZW5hbnRfYWRtaW5AcGZpemVyLmNvbSIsImdpdmVuX25hbWUiOiJKaW0iLCJmYW1pbHlfbmFtZSI6IkJlYW0iLCJlbWFpbCI6InRlbmFudF9hZG1pbkBwZml6ZXIuY29tIn0.iqFjAUCVjc_jC9L6aKZtvfeNmFaPtM3XRyShKFBJA2qsyf8wetqFzWp4Md_1oj3JUGyHFzjUBEtOzxFIV3JjyQDz5fihDjJ8i3ELXEXwZ_C3c-Dd97kaD9OCwl9XrpOQyU_EHfhkU_0HzuLSfjqtqxJcYUI73_s6b1dlb9v8imy_ZPRlJehjKD6orSDXzaeQKXr5kQA8Rf1g-kDhslFFqw9v1V0DYsJTq8JDLRrpNR1c0VGF0zOc6jTzGY6UlkmTOuNeX5xMpDaGtgRJ2lJ2eJ2SYVCv4cFwNZ2cxGKe514FqU0PDdl5xmtt9uCuA76hj1xCFzkS1mzdHQerakZdqw'}
DEBUG:root:get requests cookie: {}
DEBUG:urllib3.connectionpool:Starting new HTTPS connection (1): api-dev.medvantxos.com:443
DEBUG:urllib3.connectionpool:https://api-dev.medvantxos.com:443 "GET /iapi/v1.0/tenant/4bf7dba0-23a8-40ce-a7dd-4f5e757c6d93/drugs HTTP/1.1" 200 3396
DEBUG:root:get response status_code: 200
DEBUG:root:get response url:         https://api-dev.medvantxos.com/iapi/v1.0/tenant/4bf7dba0-23a8-40ce-a7dd-4f5e757c6d93/drugs
DEBUG:root:get response headers: {'Server': 'nginx', 'Date': 'Tue, 20 Oct 2020 19:03:36 GMT', 'Content-Type': 'application/json', 'Content-Length': '3396', 'Connection': 'keep-alive', 'Access-Control-Allow-Credentials': 'true', 'Access-Control-Allow-Methods': 'POST, GET, OPTIONS, PUT, PATCH, DELETE', 'Access-Control-Max-Age': '3600', 'Access-Control-Allow-Headers': 'Content-Type, Accept, Authorization, X-Requested-With, remember-me', 'Vary': 'Origin, Access-Control-Request-Method, Access-Control-Request-Headers, Origin, Access-Control-Request-Method, Access-Control-Request-Headers', 'Set-Cookie': 'JSESSIONID=C0C80F92A41AE73886F3C201A9D0DFC1; Path=/; HttpOnly', 'X-Content-Type-Options': 'nosniff', 'X-XSS-Protection': '1; mode=block', 'Cache-Control': 'no-cache, no-store, max-age=0, must-revalidate', 'Pragma': 'no-cache', 'Expires': '0', 'X-Frame-Options': 'DENY, SAMEORIGIN'}
INFO:root:post response details: [{'id': '4faf0552-8937-4756-bfbb-dbf82e0c932a', 'tenantId': '4bf7dba0-23a8-40ce-a7dd-4f5e757c6d93', 'ndc': '00002322730', 'name': 'STRATTERA', 'description': 'STRATTERA T', 'brandName': None, 'imageUrl': None, 'activeIngredient': 'STRATTERA', 'strength': '534 mg/100mL; 831 mg/100mL; 475 mg/100mL; 125 mg/100mL; 300 mg/100mL; 360 mg/100mL; 125 mg/100mL; 452 mg/100mL; 490 mg/100mL; 861 mg/100mL; 370 mg/100mL; 576 mg/100mL; 270 mg/100mL; 220 mg/100mL; 570 mg/100mL; 347 mg/100mL; 50 mg/100mL; 44 mg/100mL', 'quantity': '1', 'price': 91.0, 'packForm': None, 'packSize': '30', 'dateCreated': 1602004282405, 'dateModified': 1602004282405, 'labelerName': 'STRATTERA 10 MG CAPSULE', 'groupID': None, 'gcn': None, 'route': 'TOPICAL', 'type': None, 'linkedToSite': False, 'termsAndConditions': None, 'prescriberInformation': None, 'linkedSiteId': None, 'active': True}, {'id': 'a90c7fe5-9160-4ca9-aa7a-c1abce9c3ef2', 'tenantId': '4bf7dba0-23a8-40ce-a7dd-4f5e757c6d93', 'ndc': '00002050101', 'name': 'NEBCIN', 'description': 'PEDIATRIC', 'brandName': 'NEBCIN', 'imageUrl': None, 'activeIngredient': 'LYSINE', 'strength': '10 MG/ML', 'quantity': '1', 'price': 13.0, 'packForm': None, 'packSize': '2', 'dateCreated': 1600266341401, 'dateModified': 1600266341401, 'labelerName': 'NEBCIN PED 10 MG/ML VIAL', 'groupID': None, 'gcn': None, 'route': 'ORAL', 'type': None, 'linkedToSite': True, 'termsAndConditions': 'Danger! Danger !', 'prescriberInformation': 'Please Never Take this', 'linkedSiteId': 'fc42acd9-0e74-45ab-9028-ae6c57c59c0a', 'active': True}, {'id': 'b1069d22-2ed5-4dfc-97c5-c229600a602c', 'tenantId': '4bf7dba0-23a8-40ce-a7dd-4f5e757c6d93', 'ndc': '00061821001', 'name': 'cipla', 'description': '0000205010112223', 'brandName': None, 'imageUrl': None, 'activeIngredient': 'ALTRENO', 'strength': '10 MG/ML', 'quantity': '1', 'price': 10.0, 'packForm': None, 'packSize': '3 BLISTER PACK in 1 CARTON (13845-1203-2)  > 10 CAPSULE in 1 BLISTER PACK', 'dateCreated': 1602004406085, 'dateModified': 1602004406085, 'labelerName': 'Topical 3.75 MG-23 MG CAPSULE', 'groupID': None, 'gcn': None, 'route': 'TOPICAL', 'type': None, 'linkedToSite': True, 'termsAndConditions': None, 'prescriberInformation': None, 'linkedSiteId': '88b49de1-f476-4ac3-a63f-72ac1e4b4c24', 'active': True}, {'id': 'c0a0750c-0893-4799-8eb4-d6193aa3dd0d', 'tenantId': '4bf7dba0-23a8-40ce-a7dd-4f5e757c6d93', 'ndc': '00002064002', 'name': 'SECONAL', 'description': 'SECONAL DRUGS', 'brandName': None, 'imageUrl': None, 'activeIngredient': 'SODIUM', 'strength': '100MG', 'quantity': '1', 'price': 100.0, 'packForm': None, 'packSize': '1', 'dateCreated': 1600957182353, 'dateModified': 1600957182353, 'labelerName': 'SECONAL SODIUM 100MG PULVUL', 'groupID': None, 'gcn': None, 'route': 'INTRAVENOUS', 'type': None, 'linkedToSite': True, 'termsAndConditions': '420', 'prescriberInformation': 'Take this before waking up and after sleeping', 'linkedSiteId': '627489b6-1d17-4032-98f1-2402fb9509f6', 'active': True}, {'id': 'f9cf4107-d8d1-4281-b01d-6235b07c2226', 'tenantId': '4bf7dba0-23a8-40ce-a7dd-4f5e757c6d93', 'ndc': '00002064004', 'name': 'TestDrug', 'description': 'SECONAL DRUGS', 'brandName': None, 'imageUrl': None, 'activeIngredient': 'SODIUM', 'strength': '100MG', 'quantity': '1', 'price': 100.0, 'packForm': None, 'packSize': '1', 'dateCreated': 1603220603295, 'dateModified': 1603220603295, 'labelerName': 'SECONAL SODIUM 100MG PULVUL', 'groupID': None, 'gcn': None, 'route': 'INTRAVENOUS', 'type': None, 'linkedToSite': False, 'termsAndConditions': '420', 'prescriberInformation': 'Take this before waking up and after sleeping', 'linkedSiteId': None, 'active': True}]
INFO:root:RestApi Create https://api-dev.medvantxos.com/iapi/v1.0/tenant/4bf7dba0-23a8-40ce-a7dd-4f5e757c6d93/drug
INFO:root:post requests url: https://api-dev.medvantxos.com/iapi/v1.0/tenant/4bf7dba0-23a8-40ce-a7dd-4f5e757c6d93/drug
INFO:root:post requests headers: {'Accept': 'application/json', 'Authorization': 'Bearer eyJhbGciOiJSUzI1NiIsInR5cCIgOiAiSldUIiwia2lkIiA6ICJQcU83QXJPVXBDeHB4WjVEcl9palFFX2pMZk55Q1ZYeHlXbVlTWnptcHQ4In0.eyJleHAiOjE2MDMyMjQyMDAsImlhdCI6MTYwMzIyMDYwMCwianRpIjoiMDdkYWJiOTctODEyMi00ZTIzLTllMjMtMjFjYWUxNTM0ZmQ1IiwiaXNzIjoiaHR0cDovL2tleWNsb2FrLXN2Yy9hdXRoL3JlYWxtcy9tZWR2YW50eCIsImF1ZCI6ImFjY291bnQiLCJzdWIiOiJiMDk4OTRkNS0wYTg2LTQ1OTItOGU0NC1jODQ2NGU4NzQwYWUiLCJ0eXAiOiJCZWFyZXIiLCJhenAiOiJhZG1pbi1jbGkiLCJzZXNzaW9uX3N0YXRlIjoiZDgzZDEyMzQtNDZmOC00MjUxLTk3OTAtODU2NzNkMGI4YTkxIiwiYWNyIjoiMSIsInJlYWxtX2FjY2VzcyI6eyJyb2xlcyI6WyJvZmZsaW5lX2FjY2VzcyIsInVtYV9hdXRob3JpemF0aW9uIl19LCJyZXNvdXJjZV9hY2Nlc3MiOnsiYWNjb3VudCI6eyJyb2xlcyI6WyJtYW5hZ2UtYWNjb3VudCIsIm1hbmFnZS1hY2NvdW50LWxpbmtzIiwidmlldy1wcm9maWxlIl19fSwic2NvcGUiOiJwcm9maWxlIGVtYWlsIiwiZW1haWxfdmVyaWZpZWQiOmZhbHNlLCJuYW1lIjoiSmltIEJlYW0iLCJwcmVmZXJyZWRfdXNlcm5hbWUiOiJ0ZW5hbnRfYWRtaW5AcGZpemVyLmNvbSIsImdpdmVuX25hbWUiOiJKaW0iLCJmYW1pbHlfbmFtZSI6IkJlYW0iLCJlbWFpbCI6InRlbmFudF9hZG1pbkBwZml6ZXIuY29tIn0.iqFjAUCVjc_jC9L6aKZtvfeNmFaPtM3XRyShKFBJA2qsyf8wetqFzWp4Md_1oj3JUGyHFzjUBEtOzxFIV3JjyQDz5fihDjJ8i3ELXEXwZ_C3c-Dd97kaD9OCwl9XrpOQyU_EHfhkU_0HzuLSfjqtqxJcYUI73_s6b1dlb9v8imy_ZPRlJehjKD6orSDXzaeQKXr5kQA8Rf1g-kDhslFFqw9v1V0DYsJTq8JDLRrpNR1c0VGF0zOc6jTzGY6UlkmTOuNeX5xMpDaGtgRJ2lJ2eJ2SYVCv4cFwNZ2cxGKe514FqU0PDdl5xmtt9uCuA76hj1xCFzkS1mzdHQerakZdqw', 'Content-type': 'application/json'}
INFO:root:post requests data: {"ndc": "00023361607", "name": "New_Drug", "description": "STRATTERA T", "activeIngredient": "STRATTERA", "strength": "534 mg/100mL; 831 mg/100mL; 475 mg/100mL; 125 mg/100mL; 300 mg/100mL; 360 mg/100mL; 125 mg/100mL; 452 mg/100mL; 490 mg/100mL; 861 mg/100mL; 370 mg/100mL; 576 mg/100mL; 270 mg/100mL; 220 mg/100mL; 570 mg/100mL; 347 mg/100mL; 50 mg/100mL; 44 mg/100mL", "quantity": "1", "price": 91.0, "packSize": "30", "labelerName": "STRATTERA 10 MG CAPSULE", "route": "TOPICAL", "active": true}
INFO:root:post requests cookie: {}
DEBUG:urllib3.connectionpool:Starting new HTTPS connection (1): api-dev.medvantxos.com:443
DEBUG:urllib3.connectionpool:https://api-dev.medvantxos.com:443 "POST /iapi/v1.0/tenant/4bf7dba0-23a8-40ce-a7dd-4f5e757c6d93/drug HTTP/1.1" 200 810
INFO:root:post response status_code: 200
INFO:root:post response url:         https://api-dev.medvantxos.com/iapi/v1.0/tenant/4bf7dba0-23a8-40ce-a7dd-4f5e757c6d93/drug
INFO:root:post response headers: {'Server': 'nginx', 'Date': 'Tue, 20 Oct 2020 19:03:38 GMT', 'Content-Type': 'application/json', 'Content-Length': '810', 'Connection': 'keep-alive', 'Access-Control-Allow-Credentials': 'true', 'Access-Control-Allow-Methods': 'POST, GET, OPTIONS, PUT, PATCH, DELETE', 'Access-Control-Max-Age': '3600', 'Access-Control-Allow-Headers': 'Content-Type, Accept, Authorization, X-Requested-With, remember-me', 'Vary': 'Origin, Access-Control-Request-Method, Access-Control-Request-Headers, Origin, Access-Control-Request-Method, Access-Control-Request-Headers', 'Set-Cookie': 'JSESSIONID=81578357DC474CA7C54E7B087FBC69DA; Path=/; HttpOnly', 'X-Content-Type-Options': 'nosniff', 'X-XSS-Protection': '1; mode=block', 'Cache-Control': 'no-cache, no-store, max-age=0, must-revalidate', 'Pragma': 'no-cache', 'Expires': '0', 'X-Frame-Options': 'DENY, SAMEORIGIN'}
INFO:root:post response details: {'id': '8ca32e83-1f54-4bc0-9db2-f0a43db96ddd', 'tenantId': '4bf7dba0-23a8-40ce-a7dd-4f5e757c6d93', 'ndc': '00023361607', 'name': 'New_Drug', 'description': 'STRATTERA T', 'brandName': None, 'imageUrl': None, 'activeIngredient': 'STRATTERA', 'strength': '534 mg/100mL; 831 mg/100mL; 475 mg/100mL; 125 mg/100mL; 300 mg/100mL; 360 mg/100mL; 125 mg/100mL; 452 mg/100mL; 490 mg/100mL; 861 mg/100mL; 370 mg/100mL; 576 mg/100mL; 270 mg/100mL; 220 mg/100mL; 570 mg/100mL; 347 mg/100mL; 50 mg/100mL; 44 mg/100mL', 'quantity': '1', 'price': 91.0, 'packForm': None, 'packSize': '30', 'dateCreated': 1603220618145, 'dateModified': 1603220618145, 'labelerName': 'STRATTERA 10 MG CAPSULE', 'groupID': None, 'gcn': None, 'route': 'TOPICAL', 'type': None, 'linkedToSite': False, 'termsAndConditions': None, 'prescriberInformation': None, 'linkedSiteId': None, 'active': True}
INFO:RobotFramework:The expected dictionary is {'id': '4faf0552-8937-4756-bfbb-dbf82e0c932a', 'tenantId': '4bf7dba0-23a8-40ce-a7dd-4f5e757c6d93', 'ndc': '00023361607', 'name': 'New_Drug', 'description': 'STRATTERA T', 'brandName': None, 'imageUrl': None, 'activeIngredient': 'STRATTERA', 'strength': '534 mg/100mL; 831 mg/100mL; 475 mg/100mL; 125 mg/100mL; 300 mg/100mL; 360 mg/100mL; 125 mg/100mL; 452 mg/100mL; 490 mg/100mL; 861 mg/100mL; 370 mg/100mL; 576 mg/100mL; 270 mg/100mL; 220 mg/100mL; 570 mg/100mL; 347 mg/100mL; 50 mg/100mL; 44 mg/100mL', 'quantity': '1', 'price': 91.0, 'packForm': None, 'packSize': '30', 'dateCreated': 1602004282405, 'dateModified': 1602004282405, 'labelerName': 'STRATTERA 10 MG CAPSULE', 'groupID': None, 'gcn': None, 'route': 'TOPICAL', 'type': None, 'linkedToSite': False, 'termsAndConditions': None, 'prescriberInformation': None, 'linkedSiteId': None, 'active': True} 

INFO:RobotFramework:The actual dictionary is {'id': '8ca32e83-1f54-4bc0-9db2-f0a43db96ddd', 'tenantId': '4bf7dba0-23a8-40ce-a7dd-4f5e757c6d93', 'ndc': '00023361607', 'name': 'New_Drug', 'description': 'STRATTERA T', 'brandName': None, 'imageUrl': None, 'activeIngredient': 'STRATTERA', 'strength': '534 mg/100mL; 831 mg/100mL; 475 mg/100mL; 125 mg/100mL; 300 mg/100mL; 360 mg/100mL; 125 mg/100mL; 452 mg/100mL; 490 mg/100mL; 861 mg/100mL; 370 mg/100mL; 576 mg/100mL; 270 mg/100mL; 220 mg/100mL; 570 mg/100mL; 347 mg/100mL; 50 mg/100mL; 44 mg/100mL', 'quantity': '1', 'price': 91.0, 'packForm': None, 'packSize': '30', 'dateCreated': 1603220618145, 'dateModified': 1603220618145, 'labelerName': 'STRATTERA 10 MG CAPSULE', 'groupID': None, 'gcn': None, 'route': 'TOPICAL', 'type': None, 'linkedToSite': False, 'termsAndConditions': None, 'prescriberInformation': None, 'linkedSiteId': None, 'active': True} 

INFO:RobotFramework:PASS: Both the expected and actual dictionaries are same.
INFO:root:RestApi Get https://api-dev.medvantxos.com/iapi/v1.0/tenant/4bf7dba0-23a8-40ce-a7dd-4f5e757c6d93/drugs
DEBUG:root:get requests url: https://api-dev.medvantxos.com/iapi/v1.0/tenant/4bf7dba0-23a8-40ce-a7dd-4f5e757c6d93/drugs
DEBUG:root:get requests headers: {'Accept': 'application/json', 'Authorization': 'Bearer eyJhbGciOiJSUzI1NiIsInR5cCIgOiAiSldUIiwia2lkIiA6ICJQcU83QXJPVXBDeHB4WjVEcl9palFFX2pMZk55Q1ZYeHlXbVlTWnptcHQ4In0.eyJleHAiOjE2MDMyMjQyMDAsImlhdCI6MTYwMzIyMDYwMCwianRpIjoiMDdkYWJiOTctODEyMi00ZTIzLTllMjMtMjFjYWUxNTM0ZmQ1IiwiaXNzIjoiaHR0cDovL2tleWNsb2FrLXN2Yy9hdXRoL3JlYWxtcy9tZWR2YW50eCIsImF1ZCI6ImFjY291bnQiLCJzdWIiOiJiMDk4OTRkNS0wYTg2LTQ1OTItOGU0NC1jODQ2NGU4NzQwYWUiLCJ0eXAiOiJCZWFyZXIiLCJhenAiOiJhZG1pbi1jbGkiLCJzZXNzaW9uX3N0YXRlIjoiZDgzZDEyMzQtNDZmOC00MjUxLTk3OTAtODU2NzNkMGI4YTkxIiwiYWNyIjoiMSIsInJlYWxtX2FjY2VzcyI6eyJyb2xlcyI6WyJvZmZsaW5lX2FjY2VzcyIsInVtYV9hdXRob3JpemF0aW9uIl19LCJyZXNvdXJjZV9hY2Nlc3MiOnsiYWNjb3VudCI6eyJyb2xlcyI6WyJtYW5hZ2UtYWNjb3VudCIsIm1hbmFnZS1hY2NvdW50LWxpbmtzIiwidmlldy1wcm9maWxlIl19fSwic2NvcGUiOiJwcm9maWxlIGVtYWlsIiwiZW1haWxfdmVyaWZpZWQiOmZhbHNlLCJuYW1lIjoiSmltIEJlYW0iLCJwcmVmZXJyZWRfdXNlcm5hbWUiOiJ0ZW5hbnRfYWRtaW5AcGZpemVyLmNvbSIsImdpdmVuX25hbWUiOiJKaW0iLCJmYW1pbHlfbmFtZSI6IkJlYW0iLCJlbWFpbCI6InRlbmFudF9hZG1pbkBwZml6ZXIuY29tIn0.iqFjAUCVjc_jC9L6aKZtvfeNmFaPtM3XRyShKFBJA2qsyf8wetqFzWp4Md_1oj3JUGyHFzjUBEtOzxFIV3JjyQDz5fihDjJ8i3ELXEXwZ_C3c-Dd97kaD9OCwl9XrpOQyU_EHfhkU_0HzuLSfjqtqxJcYUI73_s6b1dlb9v8imy_ZPRlJehjKD6orSDXzaeQKXr5kQA8Rf1g-kDhslFFqw9v1V0DYsJTq8JDLRrpNR1c0VGF0zOc6jTzGY6UlkmTOuNeX5xMpDaGtgRJ2lJ2eJ2SYVCv4cFwNZ2cxGKe514FqU0PDdl5xmtt9uCuA76hj1xCFzkS1mzdHQerakZdqw'}
DEBUG:root:get requests cookie: {}
DEBUG:urllib3.connectionpool:Starting new HTTPS connection (1): api-dev.medvantxos.com:443
DEBUG:urllib3.connectionpool:https://api-dev.medvantxos.com:443 "GET /iapi/v1.0/tenant/4bf7dba0-23a8-40ce-a7dd-4f5e757c6d93/drugs HTTP/1.1" 200 4207
DEBUG:root:get response status_code: 200
DEBUG:root:get response url:         https://api-dev.medvantxos.com/iapi/v1.0/tenant/4bf7dba0-23a8-40ce-a7dd-4f5e757c6d93/drugs
DEBUG:root:get response headers: {'Server': 'nginx', 'Date': 'Tue, 20 Oct 2020 19:03:39 GMT', 'Content-Type': 'application/json', 'Content-Length': '4207', 'Connection': 'keep-alive', 'Access-Control-Allow-Credentials': 'true', 'Access-Control-Allow-Methods': 'POST, GET, OPTIONS, PUT, PATCH, DELETE', 'Access-Control-Max-Age': '3600', 'Access-Control-Allow-Headers': 'Content-Type, Accept, Authorization, X-Requested-With, remember-me', 'Vary': 'Origin, Access-Control-Request-Method, Access-Control-Request-Headers, Origin, Access-Control-Request-Method, Access-Control-Request-Headers', 'Set-Cookie': 'JSESSIONID=B60331EF09C58947B00733E6D2D32C97; Path=/; HttpOnly', 'X-Content-Type-Options': 'nosniff', 'X-XSS-Protection': '1; mode=block', 'Cache-Control': 'no-cache, no-store, max-age=0, must-revalidate', 'Pragma': 'no-cache', 'Expires': '0', 'X-Frame-Options': 'DENY, SAMEORIGIN'}
INFO:root:post response details: [{'id': '4faf0552-8937-4756-bfbb-dbf82e0c932a', 'tenantId': '4bf7dba0-23a8-40ce-a7dd-4f5e757c6d93', 'ndc': '00002322730', 'name': 'STRATTERA', 'description': 'STRATTERA T', 'brandName': None, 'imageUrl': None, 'activeIngredient': 'STRATTERA', 'strength': '534 mg/100mL; 831 mg/100mL; 475 mg/100mL; 125 mg/100mL; 300 mg/100mL; 360 mg/100mL; 125 mg/100mL; 452 mg/100mL; 490 mg/100mL; 861 mg/100mL; 370 mg/100mL; 576 mg/100mL; 270 mg/100mL; 220 mg/100mL; 570 mg/100mL; 347 mg/100mL; 50 mg/100mL; 44 mg/100mL', 'quantity': '1', 'price': 91.0, 'packForm': None, 'packSize': '30', 'dateCreated': 1602004282405, 'dateModified': 1602004282405, 'labelerName': 'STRATTERA 10 MG CAPSULE', 'groupID': None, 'gcn': None, 'route': 'TOPICAL', 'type': None, 'linkedToSite': False, 'termsAndConditions': None, 'prescriberInformation': None, 'linkedSiteId': None, 'active': True}, {'id': '8ca32e83-1f54-4bc0-9db2-f0a43db96ddd', 'tenantId': '4bf7dba0-23a8-40ce-a7dd-4f5e757c6d93', 'ndc': '00023361607', 'name': 'New_Drug', 'description': 'STRATTERA T', 'brandName': None, 'imageUrl': None, 'activeIngredient': 'STRATTERA', 'strength': '534 mg/100mL; 831 mg/100mL; 475 mg/100mL; 125 mg/100mL; 300 mg/100mL; 360 mg/100mL; 125 mg/100mL; 452 mg/100mL; 490 mg/100mL; 861 mg/100mL; 370 mg/100mL; 576 mg/100mL; 270 mg/100mL; 220 mg/100mL; 570 mg/100mL; 347 mg/100mL; 50 mg/100mL; 44 mg/100mL', 'quantity': '1', 'price': 91.0, 'packForm': None, 'packSize': '30', 'dateCreated': 1603220618145, 'dateModified': 1603220618145, 'labelerName': 'STRATTERA 10 MG CAPSULE', 'groupID': None, 'gcn': None, 'route': 'TOPICAL', 'type': None, 'linkedToSite': False, 'termsAndConditions': None, 'prescriberInformation': None, 'linkedSiteId': None, 'active': True}, {'id': 'a90c7fe5-9160-4ca9-aa7a-c1abce9c3ef2', 'tenantId': '4bf7dba0-23a8-40ce-a7dd-4f5e757c6d93', 'ndc': '00002050101', 'name': 'NEBCIN', 'description': 'PEDIATRIC', 'brandName': 'NEBCIN', 'imageUrl': None, 'activeIngredient': 'LYSINE', 'strength': '10 MG/ML', 'quantity': '1', 'price': 13.0, 'packForm': None, 'packSize': '2', 'dateCreated': 1600266341401, 'dateModified': 1600266341401, 'labelerName': 'NEBCIN PED 10 MG/ML VIAL', 'groupID': None, 'gcn': None, 'route': 'ORAL', 'type': None, 'linkedToSite': True, 'termsAndConditions': 'Danger! Danger !', 'prescriberInformation': 'Please Never Take this', 'linkedSiteId': 'fc42acd9-0e74-45ab-9028-ae6c57c59c0a', 'active': True}, {'id': 'b1069d22-2ed5-4dfc-97c5-c229600a602c', 'tenantId': '4bf7dba0-23a8-40ce-a7dd-4f5e757c6d93', 'ndc': '00061821001', 'name': 'cipla', 'description': '0000205010112223', 'brandName': None, 'imageUrl': None, 'activeIngredient': 'ALTRENO', 'strength': '10 MG/ML', 'quantity': '1', 'price': 10.0, 'packForm': None, 'packSize': '3 BLISTER PACK in 1 CARTON (13845-1203-2)  > 10 CAPSULE in 1 BLISTER PACK', 'dateCreated': 1602004406085, 'dateModified': 1602004406085, 'labelerName': 'Topical 3.75 MG-23 MG CAPSULE', 'groupID': None, 'gcn': None, 'route': 'TOPICAL', 'type': None, 'linkedToSite': True, 'termsAndConditions': None, 'prescriberInformation': None, 'linkedSiteId': '88b49de1-f476-4ac3-a63f-72ac1e4b4c24', 'active': True}, {'id': 'c0a0750c-0893-4799-8eb4-d6193aa3dd0d', 'tenantId': '4bf7dba0-23a8-40ce-a7dd-4f5e757c6d93', 'ndc': '00002064002', 'name': 'SECONAL', 'description': 'SECONAL DRUGS', 'brandName': None, 'imageUrl': None, 'activeIngredient': 'SODIUM', 'strength': '100MG', 'quantity': '1', 'price': 100.0, 'packForm': None, 'packSize': '1', 'dateCreated': 1600957182353, 'dateModified': 1600957182353, 'labelerName': 'SECONAL SODIUM 100MG PULVUL', 'groupID': None, 'gcn': None, 'route': 'INTRAVENOUS', 'type': None, 'linkedToSite': True, 'termsAndConditions': '420', 'prescriberInformation': 'Take this before waking up and after sleeping', 'linkedSiteId': '627489b6-1d17-4032-98f1-2402fb9509f6', 'active': True}, {'id': 'f9cf4107-d8d1-4281-b01d-6235b07c2226', 'tenantId': '4bf7dba0-23a8-40ce-a7dd-4f5e757c6d93', 'ndc': '00002064004', 'name': 'TestDrug', 'description': 'SECONAL DRUGS', 'brandName': None, 'imageUrl': None, 'activeIngredient': 'SODIUM', 'strength': '100MG', 'quantity': '1', 'price': 100.0, 'packForm': None, 'packSize': '1', 'dateCreated': 1603220603295, 'dateModified': 1603220603295, 'labelerName': 'SECONAL SODIUM 100MG PULVUL', 'groupID': None, 'gcn': None, 'route': 'INTRAVENOUS', 'type': None, 'linkedToSite': False, 'termsAndConditions': '420', 'prescriberInformation': 'Take this before waking up and after sleeping', 'linkedSiteId': None, 'active': True}]
INFO:root:RestApi Delete https://api-dev.medvantxos.com/iapi/v1.0/tenant/4bf7dba0-23a8-40ce-a7dd-4f5e757c6d93/drug/8ca32e83-1f54-4bc0-9db2-f0a43db96ddd
DEBUG:root:delete requests url: https://api-dev.medvantxos.com/iapi/v1.0/tenant/4bf7dba0-23a8-40ce-a7dd-4f5e757c6d93/drug/8ca32e83-1f54-4bc0-9db2-f0a43db96ddd
DEBUG:root:delete requests headers: {'Accept': 'application/json', 'Authorization': 'Bearer eyJhbGciOiJSUzI1NiIsInR5cCIgOiAiSldUIiwia2lkIiA6ICJQcU83QXJPVXBDeHB4WjVEcl9palFFX2pMZk55Q1ZYeHlXbVlTWnptcHQ4In0.eyJleHAiOjE2MDMyMjQyMDAsImlhdCI6MTYwMzIyMDYwMCwianRpIjoiMDdkYWJiOTctODEyMi00ZTIzLTllMjMtMjFjYWUxNTM0ZmQ1IiwiaXNzIjoiaHR0cDovL2tleWNsb2FrLXN2Yy9hdXRoL3JlYWxtcy9tZWR2YW50eCIsImF1ZCI6ImFjY291bnQiLCJzdWIiOiJiMDk4OTRkNS0wYTg2LTQ1OTItOGU0NC1jODQ2NGU4NzQwYWUiLCJ0eXAiOiJCZWFyZXIiLCJhenAiOiJhZG1pbi1jbGkiLCJzZXNzaW9uX3N0YXRlIjoiZDgzZDEyMzQtNDZmOC00MjUxLTk3OTAtODU2NzNkMGI4YTkxIiwiYWNyIjoiMSIsInJlYWxtX2FjY2VzcyI6eyJyb2xlcyI6WyJvZmZsaW5lX2FjY2VzcyIsInVtYV9hdXRob3JpemF0aW9uIl19LCJyZXNvdXJjZV9hY2Nlc3MiOnsiYWNjb3VudCI6eyJyb2xlcyI6WyJtYW5hZ2UtYWNjb3VudCIsIm1hbmFnZS1hY2NvdW50LWxpbmtzIiwidmlldy1wcm9maWxlIl19fSwic2NvcGUiOiJwcm9maWxlIGVtYWlsIiwiZW1haWxfdmVyaWZpZWQiOmZhbHNlLCJuYW1lIjoiSmltIEJlYW0iLCJwcmVmZXJyZWRfdXNlcm5hbWUiOiJ0ZW5hbnRfYWRtaW5AcGZpemVyLmNvbSIsImdpdmVuX25hbWUiOiJKaW0iLCJmYW1pbHlfbmFtZSI6IkJlYW0iLCJlbWFpbCI6InRlbmFudF9hZG1pbkBwZml6ZXIuY29tIn0.iqFjAUCVjc_jC9L6aKZtvfeNmFaPtM3XRyShKFBJA2qsyf8wetqFzWp4Md_1oj3JUGyHFzjUBEtOzxFIV3JjyQDz5fihDjJ8i3ELXEXwZ_C3c-Dd97kaD9OCwl9XrpOQyU_EHfhkU_0HzuLSfjqtqxJcYUI73_s6b1dlb9v8imy_ZPRlJehjKD6orSDXzaeQKXr5kQA8Rf1g-kDhslFFqw9v1V0DYsJTq8JDLRrpNR1c0VGF0zOc6jTzGY6UlkmTOuNeX5xMpDaGtgRJ2lJ2eJ2SYVCv4cFwNZ2cxGKe514FqU0PDdl5xmtt9uCuA76hj1xCFzkS1mzdHQerakZdqw'}
DEBUG:root:delete requests cookie: {}
DEBUG:urllib3.connectionpool:Starting new HTTPS connection (1): api-dev.medvantxos.com:443
DEBUG:urllib3.connectionpool:https://api-dev.medvantxos.com:443 "DELETE /iapi/v1.0/tenant/4bf7dba0-23a8-40ce-a7dd-4f5e757c6d93/drug/8ca32e83-1f54-4bc0-9db2-f0a43db96ddd HTTP/1.1" 200 0
DEBUG:root:delete response status_code: 200
INFO:root:post response details: None
INFO:RobotFramework:Starting Cleanup for : TestDrugAPI execution
INFO:root:RestApi Get https://api-dev.medvantxos.com/iapi/v1.0/tenant/4bf7dba0-23a8-40ce-a7dd-4f5e757c6d93/drugs
DEBUG:root:get requests url: https://api-dev.medvantxos.com/iapi/v1.0/tenant/4bf7dba0-23a8-40ce-a7dd-4f5e757c6d93/drugs
DEBUG:root:get requests headers: {'Accept': 'application/json', 'Authorization': 'Bearer eyJhbGciOiJSUzI1NiIsInR5cCIgOiAiSldUIiwia2lkIiA6ICJQcU83QXJPVXBDeHB4WjVEcl9palFFX2pMZk55Q1ZYeHlXbVlTWnptcHQ4In0.eyJleHAiOjE2MDMyMjQyMDAsImlhdCI6MTYwMzIyMDYwMCwianRpIjoiMDdkYWJiOTctODEyMi00ZTIzLTllMjMtMjFjYWUxNTM0ZmQ1IiwiaXNzIjoiaHR0cDovL2tleWNsb2FrLXN2Yy9hdXRoL3JlYWxtcy9tZWR2YW50eCIsImF1ZCI6ImFjY291bnQiLCJzdWIiOiJiMDk4OTRkNS0wYTg2LTQ1OTItOGU0NC1jODQ2NGU4NzQwYWUiLCJ0eXAiOiJCZWFyZXIiLCJhenAiOiJhZG1pbi1jbGkiLCJzZXNzaW9uX3N0YXRlIjoiZDgzZDEyMzQtNDZmOC00MjUxLTk3OTAtODU2NzNkMGI4YTkxIiwiYWNyIjoiMSIsInJlYWxtX2FjY2VzcyI6eyJyb2xlcyI6WyJvZmZsaW5lX2FjY2VzcyIsInVtYV9hdXRob3JpemF0aW9uIl19LCJyZXNvdXJjZV9hY2Nlc3MiOnsiYWNjb3VudCI6eyJyb2xlcyI6WyJtYW5hZ2UtYWNjb3VudCIsIm1hbmFnZS1hY2NvdW50LWxpbmtzIiwidmlldy1wcm9maWxlIl19fSwic2NvcGUiOiJwcm9maWxlIGVtYWlsIiwiZW1haWxfdmVyaWZpZWQiOmZhbHNlLCJuYW1lIjoiSmltIEJlYW0iLCJwcmVmZXJyZWRfdXNlcm5hbWUiOiJ0ZW5hbnRfYWRtaW5AcGZpemVyLmNvbSIsImdpdmVuX25hbWUiOiJKaW0iLCJmYW1pbHlfbmFtZSI6IkJlYW0iLCJlbWFpbCI6InRlbmFudF9hZG1pbkBwZml6ZXIuY29tIn0.iqFjAUCVjc_jC9L6aKZtvfeNmFaPtM3XRyShKFBJA2qsyf8wetqFzWp4Md_1oj3JUGyHFzjUBEtOzxFIV3JjyQDz5fihDjJ8i3ELXEXwZ_C3c-Dd97kaD9OCwl9XrpOQyU_EHfhkU_0HzuLSfjqtqxJcYUI73_s6b1dlb9v8imy_ZPRlJehjKD6orSDXzaeQKXr5kQA8Rf1g-kDhslFFqw9v1V0DYsJTq8JDLRrpNR1c0VGF0zOc6jTzGY6UlkmTOuNeX5xMpDaGtgRJ2lJ2eJ2SYVCv4cFwNZ2cxGKe514FqU0PDdl5xmtt9uCuA76hj1xCFzkS1mzdHQerakZdqw'}
DEBUG:root:get requests cookie: {}
DEBUG:urllib3.connectionpool:Starting new HTTPS connection (1): api-dev.medvantxos.com:443
DEBUG:urllib3.connectionpool:https://api-dev.medvantxos.com:443 "GET /iapi/v1.0/tenant/4bf7dba0-23a8-40ce-a7dd-4f5e757c6d93/drugs HTTP/1.1" 200 3396
DEBUG:root:get response status_code: 200
DEBUG:root:get response url:         https://api-dev.medvantxos.com/iapi/v1.0/tenant/4bf7dba0-23a8-40ce-a7dd-4f5e757c6d93/drugs
DEBUG:root:get response headers: {'Server': 'nginx', 'Date': 'Tue, 20 Oct 2020 19:03:41 GMT', 'Content-Type': 'application/json', 'Content-Length': '3396', 'Connection': 'keep-alive', 'Access-Control-Allow-Credentials': 'true', 'Access-Control-Allow-Methods': 'POST, GET, OPTIONS, PUT, PATCH, DELETE', 'Access-Control-Max-Age': '3600', 'Access-Control-Allow-Headers': 'Content-Type, Accept, Authorization, X-Requested-With, remember-me', 'Vary': 'Origin, Access-Control-Request-Method, Access-Control-Request-Headers, Origin, Access-Control-Request-Method, Access-Control-Request-Headers', 'Set-Cookie': 'JSESSIONID=013522C0BF9FE67E283B770BB94B3373; Path=/; HttpOnly', 'X-Content-Type-Options': 'nosniff', 'X-XSS-Protection': '1; mode=block', 'Cache-Control': 'no-cache, no-store, max-age=0, must-revalidate', 'Pragma': 'no-cache', 'Expires': '0', 'X-Frame-Options': 'DENY, SAMEORIGIN'}
INFO:root:post response details: [{'id': '4faf0552-8937-4756-bfbb-dbf82e0c932a', 'tenantId': '4bf7dba0-23a8-40ce-a7dd-4f5e757c6d93', 'ndc': '00002322730', 'name': 'STRATTERA', 'description': 'STRATTERA T', 'brandName': None, 'imageUrl': None, 'activeIngredient': 'STRATTERA', 'strength': '534 mg/100mL; 831 mg/100mL; 475 mg/100mL; 125 mg/100mL; 300 mg/100mL; 360 mg/100mL; 125 mg/100mL; 452 mg/100mL; 490 mg/100mL; 861 mg/100mL; 370 mg/100mL; 576 mg/100mL; 270 mg/100mL; 220 mg/100mL; 570 mg/100mL; 347 mg/100mL; 50 mg/100mL; 44 mg/100mL', 'quantity': '1', 'price': 91.0, 'packForm': None, 'packSize': '30', 'dateCreated': 1602004282405, 'dateModified': 1602004282405, 'labelerName': 'STRATTERA 10 MG CAPSULE', 'groupID': None, 'gcn': None, 'route': 'TOPICAL', 'type': None, 'linkedToSite': False, 'termsAndConditions': None, 'prescriberInformation': None, 'linkedSiteId': None, 'active': True}, {'id': 'a90c7fe5-9160-4ca9-aa7a-c1abce9c3ef2', 'tenantId': '4bf7dba0-23a8-40ce-a7dd-4f5e757c6d93', 'ndc': '00002050101', 'name': 'NEBCIN', 'description': 'PEDIATRIC', 'brandName': 'NEBCIN', 'imageUrl': None, 'activeIngredient': 'LYSINE', 'strength': '10 MG/ML', 'quantity': '1', 'price': 13.0, 'packForm': None, 'packSize': '2', 'dateCreated': 1600266341401, 'dateModified': 1600266341401, 'labelerName': 'NEBCIN PED 10 MG/ML VIAL', 'groupID': None, 'gcn': None, 'route': 'ORAL', 'type': None, 'linkedToSite': True, 'termsAndConditions': 'Danger! Danger !', 'prescriberInformation': 'Please Never Take this', 'linkedSiteId': 'fc42acd9-0e74-45ab-9028-ae6c57c59c0a', 'active': True}, {'id': 'b1069d22-2ed5-4dfc-97c5-c229600a602c', 'tenantId': '4bf7dba0-23a8-40ce-a7dd-4f5e757c6d93', 'ndc': '00061821001', 'name': 'cipla', 'description': '0000205010112223', 'brandName': None, 'imageUrl': None, 'activeIngredient': 'ALTRENO', 'strength': '10 MG/ML', 'quantity': '1', 'price': 10.0, 'packForm': None, 'packSize': '3 BLISTER PACK in 1 CARTON (13845-1203-2)  > 10 CAPSULE in 1 BLISTER PACK', 'dateCreated': 1602004406085, 'dateModified': 1602004406085, 'labelerName': 'Topical 3.75 MG-23 MG CAPSULE', 'groupID': None, 'gcn': None, 'route': 'TOPICAL', 'type': None, 'linkedToSite': True, 'termsAndConditions': None, 'prescriberInformation': None, 'linkedSiteId': '88b49de1-f476-4ac3-a63f-72ac1e4b4c24', 'active': True}, {'id': 'c0a0750c-0893-4799-8eb4-d6193aa3dd0d', 'tenantId': '4bf7dba0-23a8-40ce-a7dd-4f5e757c6d93', 'ndc': '00002064002', 'name': 'SECONAL', 'description': 'SECONAL DRUGS', 'brandName': None, 'imageUrl': None, 'activeIngredient': 'SODIUM', 'strength': '100MG', 'quantity': '1', 'price': 100.0, 'packForm': None, 'packSize': '1', 'dateCreated': 1600957182353, 'dateModified': 1600957182353, 'labelerName': 'SECONAL SODIUM 100MG PULVUL', 'groupID': None, 'gcn': None, 'route': 'INTRAVENOUS', 'type': None, 'linkedToSite': True, 'termsAndConditions': '420', 'prescriberInformation': 'Take this before waking up and after sleeping', 'linkedSiteId': '627489b6-1d17-4032-98f1-2402fb9509f6', 'active': True}, {'id': 'f9cf4107-d8d1-4281-b01d-6235b07c2226', 'tenantId': '4bf7dba0-23a8-40ce-a7dd-4f5e757c6d93', 'ndc': '00002064004', 'name': 'TestDrug', 'description': 'SECONAL DRUGS', 'brandName': None, 'imageUrl': None, 'activeIngredient': 'SODIUM', 'strength': '100MG', 'quantity': '1', 'price': 100.0, 'packForm': None, 'packSize': '1', 'dateCreated': 1603220603295, 'dateModified': 1603220603295, 'labelerName': 'SECONAL SODIUM 100MG PULVUL', 'groupID': None, 'gcn': None, 'route': 'INTRAVENOUS', 'type': None, 'linkedToSite': False, 'termsAndConditions': '420', 'prescriberInformation': 'Take this before waking up and after sleeping', 'linkedSiteId': None, 'active': True}]
INFO:root:RestApi Delete https://api-dev.medvantxos.com/iapi/v1.0/tenant/4bf7dba0-23a8-40ce-a7dd-4f5e757c6d93/drug/f9cf4107-d8d1-4281-b01d-6235b07c2226
DEBUG:root:delete requests url: https://api-dev.medvantxos.com/iapi/v1.0/tenant/4bf7dba0-23a8-40ce-a7dd-4f5e757c6d93/drug/f9cf4107-d8d1-4281-b01d-6235b07c2226
DEBUG:root:delete requests headers: {'Accept': 'application/json', 'Authorization': 'Bearer eyJhbGciOiJSUzI1NiIsInR5cCIgOiAiSldUIiwia2lkIiA6ICJQcU83QXJPVXBDeHB4WjVEcl9palFFX2pMZk55Q1ZYeHlXbVlTWnptcHQ4In0.eyJleHAiOjE2MDMyMjQyMDAsImlhdCI6MTYwMzIyMDYwMCwianRpIjoiMDdkYWJiOTctODEyMi00ZTIzLTllMjMtMjFjYWUxNTM0ZmQ1IiwiaXNzIjoiaHR0cDovL2tleWNsb2FrLXN2Yy9hdXRoL3JlYWxtcy9tZWR2YW50eCIsImF1ZCI6ImFjY291bnQiLCJzdWIiOiJiMDk4OTRkNS0wYTg2LTQ1OTItOGU0NC1jODQ2NGU4NzQwYWUiLCJ0eXAiOiJCZWFyZXIiLCJhenAiOiJhZG1pbi1jbGkiLCJzZXNzaW9uX3N0YXRlIjoiZDgzZDEyMzQtNDZmOC00MjUxLTk3OTAtODU2NzNkMGI4YTkxIiwiYWNyIjoiMSIsInJlYWxtX2FjY2VzcyI6eyJyb2xlcyI6WyJvZmZsaW5lX2FjY2VzcyIsInVtYV9hdXRob3JpemF0aW9uIl19LCJyZXNvdXJjZV9hY2Nlc3MiOnsiYWNjb3VudCI6eyJyb2xlcyI6WyJtYW5hZ2UtYWNjb3VudCIsIm1hbmFnZS1hY2NvdW50LWxpbmtzIiwidmlldy1wcm9maWxlIl19fSwic2NvcGUiOiJwcm9maWxlIGVtYWlsIiwiZW1haWxfdmVyaWZpZWQiOmZhbHNlLCJuYW1lIjoiSmltIEJlYW0iLCJwcmVmZXJyZWRfdXNlcm5hbWUiOiJ0ZW5hbnRfYWRtaW5AcGZpemVyLmNvbSIsImdpdmVuX25hbWUiOiJKaW0iLCJmYW1pbHlfbmFtZSI6IkJlYW0iLCJlbWFpbCI6InRlbmFudF9hZG1pbkBwZml6ZXIuY29tIn0.iqFjAUCVjc_jC9L6aKZtvfeNmFaPtM3XRyShKFBJA2qsyf8wetqFzWp4Md_1oj3JUGyHFzjUBEtOzxFIV3JjyQDz5fihDjJ8i3ELXEXwZ_C3c-Dd97kaD9OCwl9XrpOQyU_EHfhkU_0HzuLSfjqtqxJcYUI73_s6b1dlb9v8imy_ZPRlJehjKD6orSDXzaeQKXr5kQA8Rf1g-kDhslFFqw9v1V0DYsJTq8JDLRrpNR1c0VGF0zOc6jTzGY6UlkmTOuNeX5xMpDaGtgRJ2lJ2eJ2SYVCv4cFwNZ2cxGKe514FqU0PDdl5xmtt9uCuA76hj1xCFzkS1mzdHQerakZdqw'}
DEBUG:root:delete requests cookie: {}
DEBUG:urllib3.connectionpool:Starting new HTTPS connection (1): api-dev.medvantxos.com:443
DEBUG:urllib3.connectionpool:https://api-dev.medvantxos.com:443 "DELETE /iapi/v1.0/tenant/4bf7dba0-23a8-40ce-a7dd-4f5e757c6d93/drug/f9cf4107-d8d1-4281-b01d-6235b07c2226 HTTP/1.1" 200 0
DEBUG:root:delete response status_code: 200
INFO:root:post response details: None
